Log file open, 10/11/22 23:50:40
LogWindows: Failed to load 'aqProf.dll' (GetLastError=126)
LogWindows: File 'aqProf.dll' does not exist
LogWindows: Failed to load 'VtuneApi.dll' (GetLastError=126)
LogWindows: File 'VtuneApi.dll' does not exist
LogWindows: Failed to load 'VtuneApi32e.dll' (GetLastError=126)
LogWindows: File 'VtuneApi32e.dll' does not exist
LogConsoleResponse: Display: Failed to find resolution value strings in scalability ini. Falling back to default.
LogConsoleResponse: Display: Failed to find resolution value strings in scalability ini. Falling back to default.
LogInit: Display: Running engine for game: UnrealLearningKit
LogPlatformFile: Not using cached read wrapper
LogTaskGraph: Started task graph with 5 named threads and 35 total threads with 3 sets of task threads.
LogStats: Stats thread started at 0.650951
LogICUInternationalization: ICU TimeZone Detection - Raw Offset: -6:00, Platform Override: ''
LogInit: Display: Loading text-based GConfig....
LogPluginManager: Mounting plugin MeshPainting
LogPluginManager: Mounting plugin XGEController
LogPluginManager: Mounting plugin AISupport
LogPluginManager: Mounting plugin LightPropagationVolume
LogPluginManager: Mounting plugin Paper2D
LogPluginManager: Mounting plugin LiveLink
LogPluginManager: Mounting plugin CameraShakePreviewer
LogPluginManager: Mounting plugin OodleData
LogPluginManager: Mounting plugin EnvironmentQueryEditor
LogPluginManager: Mounting plugin GameplayCameras
LogPluginManager: Mounting plugin AnimationSharing
LogPluginManager: Mounting plugin OodleNetwork
LogPluginManager: Mounting plugin CodeLiteSourceCodeAccess
LogPluginManager: Mounting plugin KDevelopSourceCodeAccess
LogPluginManager: Mounting plugin CLionSourceCodeAccess
LogPluginManager: Mounting plugin PerforceSourceControl
LogPluginManager: Mounting plugin GitSourceControl
LogPluginManager: Mounting plugin NullSourceCodeAccess
LogPluginManager: Mounting plugin PixWinPlugin
LogPluginManager: Mounting plugin PlasticSourceControl
LogPluginManager: Mounting plugin PluginUtils
LogPluginManager: Mounting plugin PropertyAccessNode
LogPluginManager: Mounting plugin RiderSourceCodeAccess
LogPluginManager: Mounting plugin SubversionSourceControl
LogPluginManager: Mounting plugin TextureFormatOodle
LogPluginManager: Mounting plugin XCodeSourceCodeAccess
LogPluginManager: Mounting plugin UObjectPlugin
LogPluginManager: Mounting plugin VisualStudioCodeSourceCodeAccess
LogPluginManager: Mounting plugin VisualStudioSourceCodeAccess
LogPluginManager: Mounting plugin DatasmithContent
LogPluginManager: Mounting plugin Niagara
LogPluginManager: Mounting plugin LuminPlatformFeatures
LogPluginManager: Mounting plugin VariantManagerContent
LogPluginManager: Mounting plugin MagicLeapMedia
LogPluginManager: Mounting plugin MagicLeap
LogPluginManager: Mounting plugin MagicLeapLightEstimation
LogPluginManager: Mounting plugin MLSDK
LogPluginManager: Mounting plugin AlembicImporter
LogPluginManager: Mounting plugin MagicLeapPassableWorld
LogPluginManager: Mounting plugin AutomationUtils
LogPluginManager: Mounting plugin BackChannel
LogPluginManager: Mounting plugin ChaosCloth
LogPluginManager: Mounting plugin ChaosClothEditor
LogPluginManager: Mounting plugin ChaosEditor
LogPluginManager: Mounting plugin ChaosSolverPlugin
LogPluginManager: Mounting plugin CharacterAI
LogPluginManager: Mounting plugin ChaosNiagara
LogPluginManager: Mounting plugin GeometryCache
LogPluginManager: Mounting plugin GeometryCollectionPlugin
LogPluginManager: Mounting plugin AndroidMedia
LogPluginManager: Mounting plugin AvfMedia
LogPluginManager: Mounting plugin ImgMedia
LogPluginManager: Mounting plugin MediaCompositing
LogPluginManager: Mounting plugin MediaPlayerEditor
LogPluginManager: Mounting plugin WebMMedia
LogPluginManager: Mounting plugin WmfMedia
LogPluginManager: Mounting plugin GeometryProcessing
LogPluginManager: Mounting plugin OpenImageDenoise
LogPluginManager: Mounting plugin PlatformCrypto
LogPluginManager: Mounting plugin PlanarCut
LogPluginManager: Mounting plugin ProxyLODPlugin
LogPluginManager: Mounting plugin MotoSynth
LogPluginManager: Mounting plugin PythonScriptPlugin
LogPluginManager: Mounting plugin SkeletalReduction
LogPluginManager: Mounting plugin ActorSequence
LogPluginManager: Mounting plugin UdpMessaging
LogPluginManager: Mounting plugin TcpMessaging
LogPluginManager: Mounting plugin LevelSequenceEditor
LogPluginManager: Mounting plugin MatineeToLevelSequence
LogPluginManager: Mounting plugin TemplateSequence
LogPluginManager: Mounting plugin OnlineSubsystem
LogPluginManager: Mounting plugin OnlineSubsystemNull
LogPluginManager: Mounting plugin LauncherChunkInstaller
LogPluginManager: Mounting plugin OnlineSubsystemUtils
LogPluginManager: Mounting plugin ActorLayerUtilities
LogPluginManager: Mounting plugin AndroidMoviePlayer
LogPluginManager: Mounting plugin AndroidPermission
LogPluginManager: Mounting plugin AndroidDeviceProfileSelector
LogPluginManager: Mounting plugin AppleMoviePlayer
LogPluginManager: Mounting plugin AppleImageUtils
LogPluginManager: Mounting plugin AssetTags
LogPluginManager: Mounting plugin AudioCapture
LogPluginManager: Mounting plugin ArchVisCharacter
LogPluginManager: Mounting plugin AudioSynesthesia
LogPluginManager: Mounting plugin CableComponent
LogPluginManager: Mounting plugin ChunkDownloader
LogPluginManager: Mounting plugin CustomMeshComponent
LogPluginManager: Mounting plugin EditableMesh
LogPluginManager: Mounting plugin ExampleDeviceProfileSelector
LogPluginManager: Mounting plugin GoogleCloudMessaging
LogPluginManager: Mounting plugin GooglePAD
LogPluginManager: Mounting plugin ScreenshotTools
LogPluginManager: Mounting plugin IOSDeviceProfileSelector
LogPluginManager: Mounting plugin LinuxDeviceProfileSelector
LogPluginManager: Mounting plugin LocationServicesBPLibrary
LogPluginManager: Mounting plugin MobilePatchingUtils
LogPluginManager: Mounting plugin OpenXR
LogPluginManager: Mounting plugin OpenXRHandTracking
LogPluginManager: Mounting plugin OpenXREyeTracker
LogPluginManager: Mounting plugin PhysXVehicles
LogPluginManager: Mounting plugin PostSplashScreen
LogPluginManager: Mounting plugin ProceduralMeshComponent
LogPluginManager: Mounting plugin PropertyAccessEditor
LogPluginManager: Mounting plugin Takes
LogPluginManager: Mounting plugin RuntimePhysXCooking
LogPluginManager: Mounting plugin SoundFields
LogPluginManager: Mounting plugin SignificanceManager
LogPluginManager: Mounting plugin Synthesis
LogPluginManager: Mounting plugin WebMMoviePlayer
LogPluginManager: Mounting plugin AssetManagerEditor
LogPluginManager: Mounting plugin WindowsMoviePlayer
LogPluginManager: Mounting plugin CryptoKeys
LogPluginManager: Mounting plugin CurveEditorTools
LogPluginManager: Mounting plugin DataValidation
LogPluginManager: Mounting plugin FacialAnimation
LogPluginManager: Mounting plugin GameplayTagsEditor
LogPluginManager: Mounting plugin MacGraphicsSwitching
LogPluginManager: Mounting plugin GeometryMode
LogPluginManager: Mounting plugin MaterialAnalyzer
LogPluginManager: Mounting plugin MobileLauncherProfileWizard
LogPluginManager: Mounting plugin SpeedTreeImporter
LogPluginManager: Mounting plugin PluginBrowser
LogPluginManager: Mounting plugin OnlineSubsystemGooglePlay
LogPluginManager: Mounting plugin OnlineSubsystemIOS
LogPluginManager: Mounting plugin OculusVR
LogPluginManager: Mounting plugin SteamVR
LogPluginManager: Mounting plugin ContentBrowserAssetDataSource
LogPluginManager: Mounting plugin ContentBrowserClassDataSource
LogPluginManager: Mounting plugin ContentBrowserFileDataSource
PixWinPlugin: PIX capture plugin failed to initialize! Check that the process is launched from PIX.
LogInit: Using libcurl 7.55.1-DEV
LogInit:  - built for x86_64-pc-win32
LogInit:  - supports SSL with OpenSSL/1.1.1
LogInit:  - supports HTTP deflate (compression) using libz 1.2.8
LogInit:  - other features:
LogInit:      CURL_VERSION_SSL
LogInit:      CURL_VERSION_LIBZ
LogInit:      CURL_VERSION_IPV6
LogInit:      CURL_VERSION_ASYNCHDNS
LogInit:      CURL_VERSION_LARGEFILE
LogInit:      CURL_VERSION_IDN
LogInit:  CurlRequestOptions (configurable via config and command line):
LogInit:  - bVerifyPeer = true  - Libcurl will verify peer certificate
LogInit:  - bUseHttpProxy = false  - Libcurl will NOT use HTTP proxy
LogInit:  - bDontReuseConnections = false  - Libcurl will reuse connections
LogInit:  - MaxHostConnections = 16  - Libcurl will limit the number of connections to a host
LogInit:  - LocalHostAddr = Default
LogInit:  - BufferSize = 65536
LogOnline: OSS: Creating online subsystem instance for: NULL
LogInit: WinSock: version 1.1 (2.2), MaxSocks=32767, MaxUdp=65467
LogOnline: OSS: TryLoadSubsystemAndSetDefault: Loaded subsystem for module [NULL]
LogOculusPluginWrapper: OculusPlugin initialized successfully
LogHMD: Failed initializing OVRPlugin 1.59.0
LogInit: Build: ++UE4+Release-4.27-CL-18319896
LogInit: Engine Version: 4.27.2-18319896+++UE4+Release-4.27
LogInit: Compatible Engine Version: 4.27.0-17155196+++UE4+Release-4.27
LogInit: Net CL: 17155196
LogInit: OS: Windows 10 (Release 2009) (), CPU: AMD Ryzen 5 2600 Six-Core Processor            , GPU: NVIDIA GeForce GTX 1070 Ti
LogInit: Compiled (64-bit): Nov 30 2021 07:12:08
LogInit: Compiled with Visual C++: 19.24.28315.00
LogInit: Build Configuration: Development
LogInit: Branch Name: ++UE4+Release-4.27
LogInit: Command Line:  /Game/BlockGame/Maps/BlockGameMap -game -PIEVIACONSOLE -Multiprocess GameUserSettingsINI=G:/GD2/UnrealLearningKit/Saved/Config/Windows/PIEGameUserSettings0.ini -MultiprocessSaveConfig -forcepassthrough -messaging -SessionName="Play in Standalone Game" -windowed -ResX=1280 -ResY=720
LogInit: Base Directory: G:/Epic Games/UE_4.27/Engine/Binaries/Win64/
LogInit: Allocator: TBB
LogInit: Installed Engine Build: 1
LogDevObjectVersion: Number of dev versions registered: 29
LogDevObjectVersion:   Dev-Blueprints (B0D832E4-1F89-4F0D-ACCF-7EB736FD4AA2): 10
LogDevObjectVersion:   Dev-Build (E1C64328-A22C-4D53-A36C-8E866417BD8C): 0
LogDevObjectVersion:   Dev-Core (375EC13C-06E4-48FB-B500-84F0262A717E): 4
LogDevObjectVersion:   Dev-Editor (E4B068ED-F494-42E9-A231-DA0B2E46BB41): 40
LogDevObjectVersion:   Dev-Framework (CFFC743F-43B0-4480-9391-14DF171D2073): 37
LogDevObjectVersion:   Dev-Mobile (B02B49B5-BB20-44E9-A304-32B752E40360): 3
LogDevObjectVersion:   Dev-Networking (A4E4105C-59A1-49B5-A7C5-40C4547EDFEE): 0
LogDevObjectVersion:   Dev-Online (39C831C9-5AE6-47DC-9A44-9C173E1C8E7C): 0
LogDevObjectVersion:   Dev-Physics (78F01B33-EBEA-4F98-B9B4-84EACCB95AA2): 14
LogDevObjectVersion:   Dev-Platform (6631380F-2D4D-43E0-8009-CF276956A95A): 0
LogDevObjectVersion:   Dev-Rendering (12F88B9F-8875-4AFC-A67C-D90C383ABD29): 45
LogDevObjectVersion:   Dev-Sequencer (7B5AE74C-D270-4C10-A958-57980B212A5A): 13
LogDevObjectVersion:   Dev-VR (D7296918-1DD6-4BDD-9DE2-64A83CC13884): 3
LogDevObjectVersion:   Dev-LoadTimes (C2A15278-BFE7-4AFE-6C17-90FF531DF755): 1
LogDevObjectVersion:   Private-Geometry (6EACA3D4-40EC-4CC1-B786-8BED09428FC5): 3
LogDevObjectVersion:   Dev-AnimPhys (29E575DD-E0A3-4627-9D10-D276232CDCEA): 17
LogDevObjectVersion:   Dev-Anim (AF43A65D-7FD3-4947-9873-3E8ED9C1BB05): 15
LogDevObjectVersion:   Dev-ReflectionCapture (6B266CEC-1EC7-4B8F-A30B-E4D90942FC07): 1
LogDevObjectVersion:   Dev-Automation (0DF73D61-A23F-47EA-B727-89E90C41499A): 1
LogDevObjectVersion:   FortniteMain (601D1886-AC64-4F84-AA16-D3DE0DEAC7D6): 47
LogDevObjectVersion:   FortniteRelease (E7086368-6B23-4C58-8439-1B7016265E91): 1
LogDevObjectVersion:   Dev-Enterprise (9DFFBCD6-494F-0158-E221-12823C92A888): 10
LogDevObjectVersion:   Dev-Niagara (F2AED0AC-9AFE-416F-8664-AA7FFA26D6FC): 1
LogDevObjectVersion:   Dev-Destruction (174F1F0B-B4C6-45A5-B13F-2EE8D0FB917D): 10
LogDevObjectVersion:   Dev-Physics-Ext (35F94A83-E258-406C-A318-09F59610247C): 41
LogDevObjectVersion:   Dev-PhysicsMaterial-Chaos (B68FC16E-8B1B-42E2-B453-215C058844FE): 1
LogDevObjectVersion:   Dev-CineCamera (B2E18506-4273-CFC2-A54E-F4BB758BBA07): 1
LogDevObjectVersion:   Dev-VirtualProduction (64F58936-FD1B-42BA-BA96-7289D5D0FA4E): 1
LogDevObjectVersion:   Dev-MediaFramework (6F0ED827-A609-4895-9C91-998D90180EA4): 2
LogInit: Presizing for max 25165824 objects, including 0 objects not considered by GC, pre-allocating 0 bytes for permanent pool.
LogConfig: Applying CVar settings from Section [/Script/Engine.StreamingSettings] File [G:/GD2/UnrealLearningKit/Saved/Config/Windows/Engine.ini]
LogConfig: Setting CVar [[s.MinBulkDataSizeForAsyncLoading:131072]]
LogConfig: Setting CVar [[s.AsyncLoadingThreadEnabled:0]]
LogConfig: Setting CVar [[s.EventDrivenLoaderEnabled:1]]
LogConfig: Setting CVar [[s.WarnIfTimeLimitExceeded:0]]
LogConfig: Setting CVar [[s.TimeLimitExceededMultiplier:1.5]]
LogConfig: Setting CVar [[s.TimeLimitExceededMinTime:0.005]]
LogConfig: Setting CVar [[s.UseBackgroundLevelStreaming:1]]
LogConfig: Setting CVar [[s.PriorityAsyncLoadingExtraTime:15.0]]
LogConfig: Setting CVar [[s.LevelStreamingActorsUpdateTimeLimit:5.0]]
LogConfig: Setting CVar [[s.PriorityLevelStreamingActorsUpdateExtraTime:5.0]]
LogConfig: Setting CVar [[s.LevelStreamingComponentsRegistrationGranularity:10]]
LogConfig: Setting CVar [[s.UnregisterComponentsTimeLimit:1.0]]
LogConfig: Setting CVar [[s.LevelStreamingComponentsUnregistrationGranularity:5]]
LogConfig: Setting CVar [[s.FlushStreamingOnExit:1]]
LogInit: Object subsystem initialized
LogConfig: Setting CVar [[con.DebugEarlyDefault:1]]
LogConfig: Setting CVar [[r.setres:1280x720]]
[2022.10.12-04.50.43:565][  0]LogConfig: Setting CVar [[con.DebugEarlyDefault:1]]
[2022.10.12-04.50.43:565][  0]LogConfig: Setting CVar [[r.setres:1280x720]]
[2022.10.12-04.50.43:565][  0]LogConfig: Applying CVar settings from Section [/Script/Engine.RendererSettings] File [G:/GD2/UnrealLearningKit/Saved/Config/Windows/Engine.ini]
[2022.10.12-04.50.43:565][  0]LogConfig: Setting CVar [[r.GPUCrashDebugging:0]]
[2022.10.12-04.50.43:565][  0]LogConfig: Setting CVar [[r.MobileMSAA:4]]
[2022.10.12-04.50.43:565][  0]LogConfig: Setting CVar [[r.Mobile.AmbientOcclusion:1]]
[2022.10.12-04.50.43:565][  0]LogConfig: Setting CVar [[r.GenerateMeshDistanceFields:1]]
[2022.10.12-04.50.43:565][  0]LogConfig: Setting CVar [[r.SSGI.Enable:1]]
[2022.10.12-04.50.43:565][  0]LogConfig: Setting CVar [[r.SupportAtmosphericFog:0]]
[2022.10.12-04.50.43:565][  0]LogConfig: Setting CVar [[r.SupportSkyAtmosphereAffectsHeightFog:1]]
[2022.10.12-04.50.43:565][  0]LogConfig: Setting CVar [[r.Mobile.DisableVertexFog:0]]
[2022.10.12-04.50.43:565][  0]LogConfig: Setting CVar [[r.SupportStationarySkylight:0]]
[2022.10.12-04.50.43:565][  0]LogConfig: Setting CVar [[r.SupportLowQualityLightmaps:0]]
[2022.10.12-04.50.43:565][  0]LogConfig: Applying CVar settings from Section [/Script/Engine.RendererOverrideSettings] File [G:/GD2/UnrealLearningKit/Saved/Config/Windows/Engine.ini]
[2022.10.12-04.50.43:565][  0]LogConfig: Applying CVar settings from Section [/Script/Engine.StreamingSettings] File [G:/GD2/UnrealLearningKit/Saved/Config/Windows/Engine.ini]
[2022.10.12-04.50.43:565][  0]LogConfig: Setting CVar [[s.MinBulkDataSizeForAsyncLoading:131072]]
[2022.10.12-04.50.43:565][  0]LogConfig: Setting CVar [[s.AsyncLoadingThreadEnabled:0]]
[2022.10.12-04.50.43:565][  0]LogConfig: Setting CVar [[s.EventDrivenLoaderEnabled:1]]
[2022.10.12-04.50.43:565][  0]LogConfig: Setting CVar [[s.WarnIfTimeLimitExceeded:0]]
[2022.10.12-04.50.43:565][  0]LogConfig: Setting CVar [[s.TimeLimitExceededMultiplier:1.5]]
[2022.10.12-04.50.43:565][  0]LogConfig: Setting CVar [[s.TimeLimitExceededMinTime:0.005]]
[2022.10.12-04.50.43:565][  0]LogConfig: Setting CVar [[s.UseBackgroundLevelStreaming:1]]
[2022.10.12-04.50.43:566][  0]LogConfig: Setting CVar [[s.PriorityAsyncLoadingExtraTime:15.0]]
[2022.10.12-04.50.43:566][  0]LogConfig: Setting CVar [[s.LevelStreamingActorsUpdateTimeLimit:5.0]]
[2022.10.12-04.50.43:566][  0]LogConfig: Setting CVar [[s.PriorityLevelStreamingActorsUpdateExtraTime:5.0]]
[2022.10.12-04.50.43:566][  0]LogConfig: Setting CVar [[s.LevelStreamingComponentsRegistrationGranularity:10]]
[2022.10.12-04.50.43:566][  0]LogConfig: Setting CVar [[s.UnregisterComponentsTimeLimit:1.0]]
[2022.10.12-04.50.43:566][  0]LogConfig: Setting CVar [[s.LevelStreamingComponentsUnregistrationGranularity:5]]
[2022.10.12-04.50.43:566][  0]LogConfig: Setting CVar [[s.FlushStreamingOnExit:1]]
[2022.10.12-04.50.43:566][  0]LogConfig: Applying CVar settings from Section [/Script/Engine.GarbageCollectionSettings] File [G:/GD2/UnrealLearningKit/Saved/Config/Windows/Engine.ini]
[2022.10.12-04.50.43:566][  0]LogConfig: Setting CVar [[gc.MaxObjectsNotConsideredByGC:1]]
[2022.10.12-04.50.43:566][  0]LogConfig: Setting CVar [[gc.SizeOfPermanentObjectPool:0]]
[2022.10.12-04.50.43:566][  0]LogConfig: Setting CVar [[gc.FlushStreamingOnGC:0]]
[2022.10.12-04.50.43:566][  0]LogConfig: Setting CVar [[gc.NumRetriesBeforeForcingGC:10]]
[2022.10.12-04.50.43:566][  0]LogConfig: Setting CVar [[gc.AllowParallelGC:1]]
[2022.10.12-04.50.43:566][  0]LogConfig: Setting CVar [[gc.TimeBetweenPurgingPendingKillObjects:61.1]]
[2022.10.12-04.50.43:566][  0]LogConfig: Setting CVar [[gc.MaxObjectsInEditor:25165824]]
[2022.10.12-04.50.43:566][  0]LogConfig: Setting CVar [[gc.IncrementalBeginDestroyEnabled:1]]
[2022.10.12-04.50.43:566][  0]LogConfig: Setting CVar [[gc.CreateGCClusters:1]]
[2022.10.12-04.50.43:566][  0]LogConfig: Setting CVar [[gc.MinGCClusterSize:5]]
[2022.10.12-04.50.43:566][  0]LogConfig: Setting CVar [[gc.ActorClusteringEnabled:0]]
[2022.10.12-04.50.43:566][  0]LogConfig: Setting CVar [[gc.BlueprintClusteringEnabled:0]]
[2022.10.12-04.50.43:566][  0]LogConfig: Setting CVar [[gc.UseDisregardForGCOnDedicatedServers:0]]
[2022.10.12-04.50.43:566][  0]LogConfig: Setting CVar [[gc.MultithreadedDestructionEnabled:1]]
[2022.10.12-04.50.43:566][  0]LogConfig: Applying CVar settings from Section [/Script/Engine.NetworkSettings] File [G:/GD2/UnrealLearningKit/Saved/Config/Windows/Engine.ini]
[2022.10.12-04.50.43:566][  0]LogConfig: Applying CVar settings from Section [/Script/UnrealEd.CookerSettings] File [G:/GD2/UnrealLearningKit/Saved/Config/Windows/Engine.ini]
[2022.10.12-04.50.43:592][  0]LogConfig: Applying CVar settings from Section [ViewDistanceQuality@3] File [G:/GD2/UnrealLearningKit/Saved/Config/Windows/Scalability.ini]
[2022.10.12-04.50.43:592][  0]LogConfig: Setting CVar [[r.SkeletalMeshLODBias:0]]
[2022.10.12-04.50.43:592][  0]LogConfig: Setting CVar [[r.ViewDistanceScale:1.0]]
[2022.10.12-04.50.43:592][  0]LogConfig: Applying CVar settings from Section [AntiAliasingQuality@3] File [G:/GD2/UnrealLearningKit/Saved/Config/Windows/Scalability.ini]
[2022.10.12-04.50.43:592][  0]LogConfig: Setting CVar [[r.PostProcessAAQuality:4]]
[2022.10.12-04.50.43:592][  0]LogConfig: Applying CVar settings from Section [ShadowQuality@3] File [G:/GD2/UnrealLearningKit/Saved/Config/Windows/Scalability.ini]
[2022.10.12-04.50.43:592][  0]LogConfig: Setting CVar [[r.LightFunctionQuality:1]]
[2022.10.12-04.50.43:592][  0]LogConfig: Setting CVar [[r.ShadowQuality:5]]
[2022.10.12-04.50.43:592][  0]LogConfig: Setting CVar [[r.Shadow.CSM.MaxCascades:10]]
[2022.10.12-04.50.43:592][  0]LogConfig: Setting CVar [[r.Shadow.MaxResolution:2048]]
[2022.10.12-04.50.43:592][  0]LogConfig: Setting CVar [[r.Shadow.MaxCSMResolution:2048]]
[2022.10.12-04.50.43:592][  0]LogConfig: Setting CVar [[r.Shadow.RadiusThreshold:0.01]]
[2022.10.12-04.50.43:592][  0]LogConfig: Setting CVar [[r.Shadow.DistanceScale:1.0]]
[2022.10.12-04.50.43:592][  0]LogConfig: Setting CVar [[r.Shadow.CSM.TransitionScale:1.0]]
[2022.10.12-04.50.43:592][  0]LogConfig: Setting CVar [[r.Shadow.PreShadowResolutionFactor:1.0]]
[2022.10.12-04.50.43:592][  0]LogConfig: Setting CVar [[r.DistanceFieldShadowing:1]]
[2022.10.12-04.50.43:592][  0]LogConfig: Setting CVar [[r.DistanceFieldAO:1]]
[2022.10.12-04.50.43:592][  0]LogConfig: Setting CVar [[r.AOQuality:2]]
[2022.10.12-04.50.43:592][  0]LogConfig: Setting CVar [[r.VolumetricFog:1]]
[2022.10.12-04.50.43:592][  0]LogConfig: Setting CVar [[r.VolumetricFog.GridPixelSize:8]]
[2022.10.12-04.50.43:592][  0]LogConfig: Setting CVar [[r.VolumetricFog.GridSizeZ:128]]
[2022.10.12-04.50.43:592][  0]LogConfig: Setting CVar [[r.VolumetricFog.HistoryMissSupersampleCount:4]]
[2022.10.12-04.50.43:592][  0]LogConfig: Setting CVar [[r.LightMaxDrawDistanceScale:1]]
[2022.10.12-04.50.43:592][  0]LogConfig: Setting CVar [[r.CapsuleShadows:1]]
[2022.10.12-04.50.43:592][  0]LogConfig: Applying CVar settings from Section [PostProcessQuality@3] File [G:/GD2/UnrealLearningKit/Saved/Config/Windows/Scalability.ini]
[2022.10.12-04.50.43:592][  0]LogConfig: Setting CVar [[r.MotionBlurQuality:4]]
[2022.10.12-04.50.43:592][  0]LogConfig: Setting CVar [[r.AmbientOcclusionMipLevelFactor:0.4]]
[2022.10.12-04.50.43:592][  0]LogConfig: Setting CVar [[r.AmbientOcclusionMaxQuality:100]]
[2022.10.12-04.50.43:592][  0]LogConfig: Setting CVar [[r.AmbientOcclusionLevels:-1]]
[2022.10.12-04.50.43:592][  0]LogConfig: Setting CVar [[r.AmbientOcclusionRadiusScale:1.0]]
[2022.10.12-04.50.43:592][  0]LogConfig: Setting CVar [[r.DepthOfFieldQuality:2]]
[2022.10.12-04.50.43:592][  0]LogConfig: Setting CVar [[r.RenderTargetPoolMin:400]]
[2022.10.12-04.50.43:592][  0]LogConfig: Setting CVar [[r.LensFlareQuality:2]]
[2022.10.12-04.50.43:592][  0]LogConfig: Setting CVar [[r.SceneColorFringeQuality:1]]
[2022.10.12-04.50.43:592][  0]LogConfig: Setting CVar [[r.EyeAdaptationQuality:2]]
[2022.10.12-04.50.43:592][  0]LogConfig: Setting CVar [[r.BloomQuality:5]]
[2022.10.12-04.50.43:592][  0]LogConfig: Setting CVar [[r.FastBlurThreshold:100]]
[2022.10.12-04.50.43:592][  0]LogConfig: Setting CVar [[r.Upscale.Quality:3]]
[2022.10.12-04.50.43:592][  0]LogConfig: Setting CVar [[r.Tonemapper.GrainQuantization:1]]
[2022.10.12-04.50.43:592][  0]LogConfig: Setting CVar [[r.LightShaftQuality:1]]
[2022.10.12-04.50.43:592][  0]LogConfig: Setting CVar [[r.Filter.SizeScale:1]]
[2022.10.12-04.50.43:592][  0]LogConfig: Setting CVar [[r.Tonemapper.Quality:5]]
[2022.10.12-04.50.43:592][  0]LogConfig: Setting CVar [[r.DOF.Gather.AccumulatorQuality:1        ; higher gathering accumulator quality]]
[2022.10.12-04.50.43:592][  0]LogConfig: Setting CVar [[r.DOF.Gather.PostfilterMethod:1          ; Median3x3 postfilering method]]
[2022.10.12-04.50.43:592][  0]LogConfig: Setting CVar [[r.DOF.Gather.EnableBokehSettings:0       ; no bokeh simulation when gathering]]
[2022.10.12-04.50.43:592][  0]LogConfig: Setting CVar [[r.DOF.Gather.RingCount:4                 ; medium number of samples when gathering]]
[2022.10.12-04.50.43:592][  0]LogConfig: Setting CVar [[r.DOF.Scatter.ForegroundCompositing:1    ; additive foreground scattering]]
[2022.10.12-04.50.43:592][  0]LogConfig: Setting CVar [[r.DOF.Scatter.BackgroundCompositing:2    ; additive background scattering]]
[2022.10.12-04.50.43:592][  0]LogConfig: Setting CVar [[r.DOF.Scatter.EnableBokehSettings:1      ; bokeh simulation when scattering]]
[2022.10.12-04.50.43:592][  0]LogConfig: Setting CVar [[r.DOF.Scatter.MaxSpriteRatio:0.1         ; only a maximum of 10% of scattered bokeh]]
[2022.10.12-04.50.43:593][  0]LogConfig: Setting CVar [[r.DOF.Recombine.Quality:1                ; cheap slight out of focus]]
[2022.10.12-04.50.43:593][  0]LogConfig: Setting CVar [[r.DOF.Recombine.EnableBokehSettings:0    ; no bokeh simulation on slight out of focus]]
[2022.10.12-04.50.43:593][  0]LogConfig: Setting CVar [[r.DOF.TemporalAAQuality:1                ; more stable temporal accumulation]]
[2022.10.12-04.50.43:593][  0]LogConfig: Setting CVar [[r.DOF.Kernel.MaxForegroundRadius:0.025]]
[2022.10.12-04.50.43:593][  0]LogConfig: Setting CVar [[r.DOF.Kernel.MaxBackgroundRadius:0.025]]
[2022.10.12-04.50.43:593][  0]LogConfig: Applying CVar settings from Section [TextureQuality@3] File [G:/GD2/UnrealLearningKit/Saved/Config/Windows/Scalability.ini]
[2022.10.12-04.50.43:593][  0]LogConfig: Setting CVar [[r.Streaming.MipBias:0]]
[2022.10.12-04.50.43:593][  0]LogConfig: Setting CVar [[r.Streaming.AmortizeCPUToGPUCopy:0]]
[2022.10.12-04.50.43:593][  0]LogConfig: Setting CVar [[r.Streaming.MaxNumTexturesToStreamPerFrame:0]]
[2022.10.12-04.50.43:593][  0]LogConfig: Setting CVar [[r.Streaming.Boost:1]]
[2022.10.12-04.50.43:593][  0]LogConfig: Setting CVar [[r.MaxAnisotropy:8]]
[2022.10.12-04.50.43:593][  0]LogConfig: Setting CVar [[r.VT.MaxAnisotropy:8]]
[2022.10.12-04.50.43:593][  0]LogConfig: Setting CVar [[r.Streaming.LimitPoolSizeToVRAM:0]]
[2022.10.12-04.50.43:593][  0]LogConfig: Setting CVar [[r.Streaming.PoolSize:1000]]
[2022.10.12-04.50.43:593][  0]LogConfig: Setting CVar [[r.Streaming.MaxEffectiveScreenSize:0]]
[2022.10.12-04.50.43:593][  0]LogConfig: Applying CVar settings from Section [EffectsQuality@3] File [G:/GD2/UnrealLearningKit/Saved/Config/Windows/Scalability.ini]
[2022.10.12-04.50.43:593][  0]LogConfig: Setting CVar [[r.TranslucencyLightingVolumeDim:64]]
[2022.10.12-04.50.43:593][  0]LogConfig: Setting CVar [[r.RefractionQuality:2]]
[2022.10.12-04.50.43:593][  0]LogConfig: Setting CVar [[r.SSR.Quality:3]]
[2022.10.12-04.50.43:593][  0]LogConfig: Setting CVar [[r.SSR.HalfResSceneColor:0]]
[2022.10.12-04.50.43:593][  0]LogConfig: Setting CVar [[r.SceneColorFormat:4]]
[2022.10.12-04.50.43:593][  0]LogConfig: Setting CVar [[r.DetailMode:2]]
[2022.10.12-04.50.43:593][  0]LogConfig: Setting CVar [[r.TranslucencyVolumeBlur:1]]
[2022.10.12-04.50.43:593][  0]LogConfig: Setting CVar [[r.MaterialQualityLevel:1 ; High quality]]
[2022.10.12-04.50.43:593][  0]LogConfig: Setting CVar [[r.AnisotropicMaterials:1]]
[2022.10.12-04.50.43:593][  0]LogConfig: Setting CVar [[r.SSS.Scale:1]]
[2022.10.12-04.50.43:593][  0]LogConfig: Setting CVar [[r.SSS.SampleSet:2]]
[2022.10.12-04.50.43:593][  0]LogConfig: Setting CVar [[r.SSS.Quality:1]]
[2022.10.12-04.50.43:593][  0]LogConfig: Setting CVar [[r.SSS.HalfRes:0]]
[2022.10.12-04.50.43:593][  0]LogConfig: Setting CVar [[r.SSGI.Quality:3]]
[2022.10.12-04.50.43:593][  0]LogConfig: Setting CVar [[r.EmitterSpawnRateScale:1.0]]
[2022.10.12-04.50.43:593][  0]LogConfig: Setting CVar [[r.ParticleLightQuality:2]]
[2022.10.12-04.50.43:593][  0]LogConfig: Setting CVar [[r.SkyAtmosphere.AerialPerspectiveLUT.FastApplyOnOpaque:1 ; Always have FastSkyLUT 1 in this case to avoid wrong sky]]
[2022.10.12-04.50.43:593][  0]LogConfig: Setting CVar [[r.SkyAtmosphere.AerialPerspectiveLUT.SampleCountMaxPerSlice:4]]
[2022.10.12-04.50.43:593][  0]LogConfig: Setting CVar [[r.SkyAtmosphere.AerialPerspectiveLUT.DepthResolution:16.0]]
[2022.10.12-04.50.43:593][  0]LogConfig: Setting CVar [[r.SkyAtmosphere.FastSkyLUT:1]]
[2022.10.12-04.50.43:593][  0]LogConfig: Setting CVar [[r.SkyAtmosphere.FastSkyLUT.SampleCountMin:4.0]]
[2022.10.12-04.50.43:593][  0]LogConfig: Setting CVar [[r.SkyAtmosphere.FastSkyLUT.SampleCountMax:128.0]]
[2022.10.12-04.50.43:593][  0]LogConfig: Setting CVar [[r.SkyAtmosphere.SampleCountMin:4.0]]
[2022.10.12-04.50.43:593][  0]LogConfig: Setting CVar [[r.SkyAtmosphere.SampleCountMax:128.0]]
[2022.10.12-04.50.43:593][  0]LogConfig: Setting CVar [[r.SkyAtmosphere.TransmittanceLUT.UseSmallFormat:0]]
[2022.10.12-04.50.43:593][  0]LogConfig: Setting CVar [[r.SkyAtmosphere.TransmittanceLUT.SampleCount:10.0]]
[2022.10.12-04.50.43:593][  0]LogConfig: Setting CVar [[r.SkyAtmosphere.MultiScatteringLUT.SampleCount:15.0]]
[2022.10.12-04.50.43:593][  0]LogConfig: Setting CVar [[r.SkyLight.RealTimeReflectionCapture:1]]
[2022.10.12-04.50.43:593][  0]LogConfig: Applying CVar settings from Section [FoliageQuality@3] File [G:/GD2/UnrealLearningKit/Saved/Config/Windows/Scalability.ini]
[2022.10.12-04.50.43:593][  0]LogConfig: Setting CVar [[foliage.DensityScale:1.0]]
[2022.10.12-04.50.43:593][  0]LogConfig: Setting CVar [[grass.DensityScale:1.0]]
[2022.10.12-04.50.43:593][  0]LogConfig: Applying CVar settings from Section [ShadingQuality@3] File [G:/GD2/UnrealLearningKit/Saved/Config/Windows/Scalability.ini]
[2022.10.12-04.50.43:593][  0]LogConfig: Setting CVar [[r.HairStrands.SkyLighting.IntegrationType:2]]
[2022.10.12-04.50.43:593][  0]LogConfig: Setting CVar [[r.HairStrands.SkyAO.SampleCount:4]]
[2022.10.12-04.50.43:593][  0]LogConfig: Setting CVar [[r.HairStrands.Visibility.MSAA.SamplePerPixel:4]]
[2022.10.12-04.50.43:593][  0]LogInit: Selected Device Profile: [Windows]
[2022.10.12-04.50.43:593][  0]LogInit: Applying CVar settings loaded from the selected device profile: [Windows]
[2022.10.12-04.50.43:594][  0]LogHAL: Display: Platform has ~ 16 GB [17101721600 / 17179869184 / 16], which maps to Larger [LargestMinGB=32, LargerMinGB=12, DefaultMinGB=8, SmallerMinGB=6, SmallestMinGB=0)
[2022.10.12-04.50.43:594][  0]LogInit: Going up to parent DeviceProfile []
[2022.10.12-04.50.43:594][  0]LogConfig: Applying CVar settings from Section [ViewDistanceQuality@3] File [G:/GD2/UnrealLearningKit/Saved/Config/Windows/Scalability.ini]
[2022.10.12-04.50.43:594][  0]LogConfig: Setting CVar [[r.SkeletalMeshLODBias:0]]
[2022.10.12-04.50.43:594][  0]LogConfig: Setting CVar [[r.ViewDistanceScale:1.0]]
[2022.10.12-04.50.43:594][  0]LogConfig: Applying CVar settings from Section [AntiAliasingQuality@3] File [G:/GD2/UnrealLearningKit/Saved/Config/Windows/Scalability.ini]
[2022.10.12-04.50.43:594][  0]LogConfig: Setting CVar [[r.PostProcessAAQuality:4]]
[2022.10.12-04.50.43:594][  0]LogConfig: Applying CVar settings from Section [ShadowQuality@3] File [G:/GD2/UnrealLearningKit/Saved/Config/Windows/Scalability.ini]
[2022.10.12-04.50.43:594][  0]LogConfig: Setting CVar [[r.LightFunctionQuality:1]]
[2022.10.12-04.50.43:594][  0]LogConfig: Setting CVar [[r.ShadowQuality:5]]
[2022.10.12-04.50.43:594][  0]LogConfig: Setting CVar [[r.Shadow.CSM.MaxCascades:10]]
[2022.10.12-04.50.43:594][  0]LogConfig: Setting CVar [[r.Shadow.MaxResolution:2048]]
[2022.10.12-04.50.43:594][  0]LogConfig: Setting CVar [[r.Shadow.MaxCSMResolution:2048]]
[2022.10.12-04.50.43:594][  0]LogConfig: Setting CVar [[r.Shadow.RadiusThreshold:0.01]]
[2022.10.12-04.50.43:594][  0]LogConfig: Setting CVar [[r.Shadow.DistanceScale:1.0]]
[2022.10.12-04.50.43:594][  0]LogConfig: Setting CVar [[r.Shadow.CSM.TransitionScale:1.0]]
[2022.10.12-04.50.43:594][  0]LogConfig: Setting CVar [[r.Shadow.PreShadowResolutionFactor:1.0]]
[2022.10.12-04.50.43:594][  0]LogConfig: Setting CVar [[r.DistanceFieldShadowing:1]]
[2022.10.12-04.50.43:594][  0]LogConfig: Setting CVar [[r.DistanceFieldAO:1]]
[2022.10.12-04.50.43:594][  0]LogConfig: Setting CVar [[r.AOQuality:2]]
[2022.10.12-04.50.43:594][  0]LogConfig: Setting CVar [[r.VolumetricFog:1]]
[2022.10.12-04.50.43:594][  0]LogConfig: Setting CVar [[r.VolumetricFog.GridPixelSize:8]]
[2022.10.12-04.50.43:594][  0]LogConfig: Setting CVar [[r.VolumetricFog.GridSizeZ:128]]
[2022.10.12-04.50.43:594][  0]LogConfig: Setting CVar [[r.VolumetricFog.HistoryMissSupersampleCount:4]]
[2022.10.12-04.50.43:594][  0]LogConfig: Setting CVar [[r.LightMaxDrawDistanceScale:1]]
[2022.10.12-04.50.43:594][  0]LogConfig: Setting CVar [[r.CapsuleShadows:1]]
[2022.10.12-04.50.43:594][  0]LogConfig: Applying CVar settings from Section [PostProcessQuality@3] File [G:/GD2/UnrealLearningKit/Saved/Config/Windows/Scalability.ini]
[2022.10.12-04.50.43:594][  0]LogConfig: Setting CVar [[r.MotionBlurQuality:4]]
[2022.10.12-04.50.43:594][  0]LogConfig: Setting CVar [[r.AmbientOcclusionMipLevelFactor:0.4]]
[2022.10.12-04.50.43:594][  0]LogConfig: Setting CVar [[r.AmbientOcclusionMaxQuality:100]]
[2022.10.12-04.50.43:594][  0]LogConfig: Setting CVar [[r.AmbientOcclusionLevels:-1]]
[2022.10.12-04.50.43:595][  0]LogConfig: Setting CVar [[r.AmbientOcclusionRadiusScale:1.0]]
[2022.10.12-04.50.43:595][  0]LogConfig: Setting CVar [[r.DepthOfFieldQuality:2]]
[2022.10.12-04.50.43:595][  0]LogConfig: Setting CVar [[r.RenderTargetPoolMin:400]]
[2022.10.12-04.50.43:595][  0]LogConfig: Setting CVar [[r.LensFlareQuality:2]]
[2022.10.12-04.50.43:595][  0]LogConfig: Setting CVar [[r.SceneColorFringeQuality:1]]
[2022.10.12-04.50.43:595][  0]LogConfig: Setting CVar [[r.EyeAdaptationQuality:2]]
[2022.10.12-04.50.43:595][  0]LogConfig: Setting CVar [[r.BloomQuality:5]]
[2022.10.12-04.50.43:595][  0]LogConfig: Setting CVar [[r.FastBlurThreshold:100]]
[2022.10.12-04.50.43:595][  0]LogConfig: Setting CVar [[r.Upscale.Quality:3]]
[2022.10.12-04.50.43:595][  0]LogConfig: Setting CVar [[r.Tonemapper.GrainQuantization:1]]
[2022.10.12-04.50.43:595][  0]LogConfig: Setting CVar [[r.LightShaftQuality:1]]
[2022.10.12-04.50.43:595][  0]LogConfig: Setting CVar [[r.Filter.SizeScale:1]]
[2022.10.12-04.50.43:595][  0]LogConfig: Setting CVar [[r.Tonemapper.Quality:5]]
[2022.10.12-04.50.43:595][  0]LogConfig: Setting CVar [[r.DOF.Gather.AccumulatorQuality:1        ; higher gathering accumulator quality]]
[2022.10.12-04.50.43:595][  0]LogConfig: Setting CVar [[r.DOF.Gather.PostfilterMethod:1          ; Median3x3 postfilering method]]
[2022.10.12-04.50.43:595][  0]LogConfig: Setting CVar [[r.DOF.Gather.EnableBokehSettings:0       ; no bokeh simulation when gathering]]
[2022.10.12-04.50.43:595][  0]LogConfig: Setting CVar [[r.DOF.Gather.RingCount:4                 ; medium number of samples when gathering]]
[2022.10.12-04.50.43:595][  0]LogConfig: Setting CVar [[r.DOF.Scatter.ForegroundCompositing:1    ; additive foreground scattering]]
[2022.10.12-04.50.43:595][  0]LogConfig: Setting CVar [[r.DOF.Scatter.BackgroundCompositing:2    ; additive background scattering]]
[2022.10.12-04.50.43:595][  0]LogConfig: Setting CVar [[r.DOF.Scatter.EnableBokehSettings:1      ; bokeh simulation when scattering]]
[2022.10.12-04.50.43:595][  0]LogConfig: Setting CVar [[r.DOF.Scatter.MaxSpriteRatio:0.1         ; only a maximum of 10% of scattered bokeh]]
[2022.10.12-04.50.43:595][  0]LogConfig: Setting CVar [[r.DOF.Recombine.Quality:1                ; cheap slight out of focus]]
[2022.10.12-04.50.43:595][  0]LogConfig: Setting CVar [[r.DOF.Recombine.EnableBokehSettings:0    ; no bokeh simulation on slight out of focus]]
[2022.10.12-04.50.43:595][  0]LogConfig: Setting CVar [[r.DOF.TemporalAAQuality:1                ; more stable temporal accumulation]]
[2022.10.12-04.50.43:595][  0]LogConfig: Setting CVar [[r.DOF.Kernel.MaxForegroundRadius:0.025]]
[2022.10.12-04.50.43:595][  0]LogConfig: Setting CVar [[r.DOF.Kernel.MaxBackgroundRadius:0.025]]
[2022.10.12-04.50.43:595][  0]LogConfig: Applying CVar settings from Section [TextureQuality@3] File [G:/GD2/UnrealLearningKit/Saved/Config/Windows/Scalability.ini]
[2022.10.12-04.50.43:595][  0]LogConfig: Setting CVar [[r.Streaming.MipBias:0]]
[2022.10.12-04.50.43:595][  0]LogConfig: Setting CVar [[r.Streaming.AmortizeCPUToGPUCopy:0]]
[2022.10.12-04.50.43:595][  0]LogConfig: Setting CVar [[r.Streaming.MaxNumTexturesToStreamPerFrame:0]]
[2022.10.12-04.50.43:595][  0]LogConfig: Setting CVar [[r.Streaming.Boost:1]]
[2022.10.12-04.50.43:595][  0]LogConfig: Setting CVar [[r.MaxAnisotropy:8]]
[2022.10.12-04.50.43:595][  0]LogConfig: Setting CVar [[r.VT.MaxAnisotropy:8]]
[2022.10.12-04.50.43:595][  0]LogConfig: Setting CVar [[r.Streaming.LimitPoolSizeToVRAM:0]]
[2022.10.12-04.50.43:595][  0]LogConfig: Setting CVar [[r.Streaming.PoolSize:1000]]
[2022.10.12-04.50.43:595][  0]LogConfig: Setting CVar [[r.Streaming.MaxEffectiveScreenSize:0]]
[2022.10.12-04.50.43:595][  0]LogConfig: Applying CVar settings from Section [EffectsQuality@3] File [G:/GD2/UnrealLearningKit/Saved/Config/Windows/Scalability.ini]
[2022.10.12-04.50.43:595][  0]LogConfig: Setting CVar [[r.TranslucencyLightingVolumeDim:64]]
[2022.10.12-04.50.43:595][  0]LogConfig: Setting CVar [[r.RefractionQuality:2]]
[2022.10.12-04.50.43:595][  0]LogConfig: Setting CVar [[r.SSR.Quality:3]]
[2022.10.12-04.50.43:595][  0]LogConfig: Setting CVar [[r.SSR.HalfResSceneColor:0]]
[2022.10.12-04.50.43:595][  0]LogConfig: Setting CVar [[r.SceneColorFormat:4]]
[2022.10.12-04.50.43:595][  0]LogConfig: Setting CVar [[r.DetailMode:2]]
[2022.10.12-04.50.43:595][  0]LogConfig: Setting CVar [[r.TranslucencyVolumeBlur:1]]
[2022.10.12-04.50.43:595][  0]LogConfig: Setting CVar [[r.MaterialQualityLevel:1 ; High quality]]
[2022.10.12-04.50.43:595][  0]LogConfig: Setting CVar [[r.AnisotropicMaterials:1]]
[2022.10.12-04.50.43:595][  0]LogConfig: Setting CVar [[r.SSS.Scale:1]]
[2022.10.12-04.50.43:595][  0]LogConfig: Setting CVar [[r.SSS.SampleSet:2]]
[2022.10.12-04.50.43:595][  0]LogConfig: Setting CVar [[r.SSS.Quality:1]]
[2022.10.12-04.50.43:595][  0]LogConfig: Setting CVar [[r.SSS.HalfRes:0]]
[2022.10.12-04.50.43:595][  0]LogConfig: Setting CVar [[r.SSGI.Quality:3]]
[2022.10.12-04.50.43:595][  0]LogConfig: Setting CVar [[r.EmitterSpawnRateScale:1.0]]
[2022.10.12-04.50.43:595][  0]LogConfig: Setting CVar [[r.ParticleLightQuality:2]]
[2022.10.12-04.50.43:595][  0]LogConfig: Setting CVar [[r.SkyAtmosphere.AerialPerspectiveLUT.FastApplyOnOpaque:1 ; Always have FastSkyLUT 1 in this case to avoid wrong sky]]
[2022.10.12-04.50.43:595][  0]LogConfig: Setting CVar [[r.SkyAtmosphere.AerialPerspectiveLUT.SampleCountMaxPerSlice:4]]
[2022.10.12-04.50.43:595][  0]LogConfig: Setting CVar [[r.SkyAtmosphere.AerialPerspectiveLUT.DepthResolution:16.0]]
[2022.10.12-04.50.43:595][  0]LogConfig: Setting CVar [[r.SkyAtmosphere.FastSkyLUT:1]]
[2022.10.12-04.50.43:595][  0]LogConfig: Setting CVar [[r.SkyAtmosphere.FastSkyLUT.SampleCountMin:4.0]]
[2022.10.12-04.50.43:595][  0]LogConfig: Setting CVar [[r.SkyAtmosphere.FastSkyLUT.SampleCountMax:128.0]]
[2022.10.12-04.50.43:595][  0]LogConfig: Setting CVar [[r.SkyAtmosphere.SampleCountMin:4.0]]
[2022.10.12-04.50.43:595][  0]LogConfig: Setting CVar [[r.SkyAtmosphere.SampleCountMax:128.0]]
[2022.10.12-04.50.43:595][  0]LogConfig: Setting CVar [[r.SkyAtmosphere.TransmittanceLUT.UseSmallFormat:0]]
[2022.10.12-04.50.43:595][  0]LogConfig: Setting CVar [[r.SkyAtmosphere.TransmittanceLUT.SampleCount:10.0]]
[2022.10.12-04.50.43:595][  0]LogConfig: Setting CVar [[r.SkyAtmosphere.MultiScatteringLUT.SampleCount:15.0]]
[2022.10.12-04.50.43:595][  0]LogConfig: Setting CVar [[r.SkyLight.RealTimeReflectionCapture:1]]
[2022.10.12-04.50.43:595][  0]LogConfig: Applying CVar settings from Section [FoliageQuality@3] File [G:/GD2/UnrealLearningKit/Saved/Config/Windows/Scalability.ini]
[2022.10.12-04.50.43:595][  0]LogConfig: Setting CVar [[foliage.DensityScale:1.0]]
[2022.10.12-04.50.43:595][  0]LogConfig: Setting CVar [[grass.DensityScale:1.0]]
[2022.10.12-04.50.43:595][  0]LogConfig: Applying CVar settings from Section [ShadingQuality@3] File [G:/GD2/UnrealLearningKit/Saved/Config/Windows/Scalability.ini]
[2022.10.12-04.50.43:595][  0]LogConfig: Setting CVar [[r.HairStrands.SkyLighting.IntegrationType:2]]
[2022.10.12-04.50.43:595][  0]LogConfig: Setting CVar [[r.HairStrands.SkyAO.SampleCount:4]]
[2022.10.12-04.50.43:595][  0]LogConfig: Setting CVar [[r.HairStrands.Visibility.MSAA.SamplePerPixel:4]]
[2022.10.12-04.50.43:595][  0]LogConfig: Applying CVar settings from Section [Startup] File [../../../Engine/Config/ConsoleVariables.ini]
[2022.10.12-04.50.43:601][  0]LogConfig: Setting CVar [[net.UseAdaptiveNetUpdateFrequency:0]]
[2022.10.12-04.50.43:601][  0]LogConfig: Setting CVar [[p.chaos.AllowCreatePhysxBodies:1]]
[2022.10.12-04.50.43:601][  0]LogConfig: Setting CVar [[fx.SkipVectorVMBackendOptimizations:1]]
[2022.10.12-04.50.43:601][  0]LogConfig: Applying CVar settings from Section [ConsoleVariables] File [G:/GD2/UnrealLearningKit/Saved/Config/Windows/Engine.ini]
[2022.10.12-04.50.43:601][  0]LogConfig: Applying CVar settings from Section [ConsoleVariables] File [G:/GD2/UnrealLearningKit/Saved/Config/Windows/Editor.ini]
[2022.10.12-04.50.43:602][  0]LogInit: Computer: DESKTOP
[2022.10.12-04.50.43:602][  0]LogInit: User: Peter
[2022.10.12-04.50.43:602][  0]LogInit: CPU Page size=4096, Cores=6
[2022.10.12-04.50.43:602][  0]LogInit: High frequency timer resolution =10.000000 MHz
[2022.10.12-04.50.43:602][  0]LogMemory: Memory total: Physical=15.9GB (16GB approx)
[2022.10.12-04.50.43:603][  0]LogMemory: Platform Memory Stats for Windows
[2022.10.12-04.50.43:603][  0]LogMemory: Process Physical Memory: 144.59 MB used, 144.59 MB peak
[2022.10.12-04.50.43:603][  0]LogMemory: Process Virtual Memory: 130.03 MB used, 130.03 MB peak
[2022.10.12-04.50.43:603][  0]LogMemory: Physical Memory: 12661.78 MB used,  3647.69 MB free, 16309.47 MB total
[2022.10.12-04.50.43:603][  0]LogMemory: Virtual Memory: 134212232.00 MB used,  5497.52 MB free, 134217728.00 MB total
[2022.10.12-04.50.43:611][  0]LogWindows: WindowsPlatformFeatures enabled
[2022.10.12-04.50.43:972][  0]LogInit: Physics initialised using underlying interface: PhysX
[2022.10.12-04.50.43:973][  0]LogInit: Using OS detected language (en-US).
[2022.10.12-04.50.43:973][  0]LogInit: Using OS detected locale (en-US).
[2022.10.12-04.50.43:988][  0]LogTextLocalizationManager: No specific localization for 'en-US' exists, so the 'en' localization will be used.
[2022.10.12-04.50.44:464][  0]LogWindowsTextInputMethodSystem: Display: IME system deactivated.
[2022.10.12-04.50.44:614][  0]LogSlate: New Slate User Created.  User Index 0, Is Virtual User: 0
[2022.10.12-04.50.44:614][  0]LogSlate: Slate User Registered.  User Index 0, Is Virtual User: 0
[2022.10.12-04.50.44:701][  0]LogD3D11RHI: Loaded GFSDK_Aftermath_Lib.x64.dll
[2022.10.12-04.50.44:709][  0]LogHMD: Failed to initialize OpenVR with code 110
[2022.10.12-04.50.44:709][  0]LogD3D11RHI: D3D11 min allowed feature level: 11_0
[2022.10.12-04.50.44:709][  0]LogD3D11RHI: D3D11 max allowed feature level: 11_0
[2022.10.12-04.50.44:709][  0]LogD3D11RHI: D3D11 adapters:
[2022.10.12-04.50.44:859][  0]LogD3D11RHI:    0. 'NVIDIA GeForce GTX 1070 Ti' (Feature Level 11_0)
[2022.10.12-04.50.44:859][  0]LogD3D11RHI:       8079/0/8154 MB DedicatedVideo/DedicatedSystem/SharedSystem, Outputs:2, VendorId:0x10de
[2022.10.12-04.50.44:866][  0]LogD3D11RHI:    1. 'Microsoft Basic Render Driver' (Feature Level 11_0)
[2022.10.12-04.50.44:866][  0]LogD3D11RHI:       0/0/8154 MB DedicatedVideo/DedicatedSystem/SharedSystem, Outputs:0, VendorId:0x1414
[2022.10.12-04.50.44:866][  0]LogD3D11RHI: Chosen D3D11 Adapter:
[2022.10.12-04.50.44:866][  0]LogD3D11RHI:     Description : NVIDIA GeForce GTX 1070 Ti
[2022.10.12-04.50.44:866][  0]LogD3D11RHI:     VendorId    : 10de
[2022.10.12-04.50.44:866][  0]LogD3D11RHI:     DeviceId    : 1b82
[2022.10.12-04.50.44:866][  0]LogD3D11RHI:     SubSysId    : c3031462
[2022.10.12-04.50.44:866][  0]LogD3D11RHI:     Revision    : 00a1
[2022.10.12-04.50.44:866][  0]LogD3D11RHI:     DedicatedVideoMemory : 8471445504 bytes
[2022.10.12-04.50.44:866][  0]LogD3D11RHI:     DedicatedSystemMemory : 0 bytes
[2022.10.12-04.50.44:866][  0]LogD3D11RHI:     SharedSystemMemory : 8550860800 bytes
[2022.10.12-04.50.44:866][  0]LogD3D11RHI:     AdapterLuid : 0 72160
[2022.10.12-04.50.44:879][  0]LogD3D11RHI: Creating new Direct3DDevice
[2022.10.12-04.50.44:879][  0]LogD3D11RHI:     GPU DeviceId: 0x1b82 (for the marketing name, search the web for "GPU Device Id")
[2022.10.12-04.50.44:879][  0]LogWindows: EnumDisplayDevices:
[2022.10.12-04.50.44:880][  0]LogWindows:    0. 'NVIDIA GeForce GTX 1070 Ti' (P:0 D:1)
[2022.10.12-04.50.44:880][  0]LogWindows:    1. 'NVIDIA GeForce GTX 1070 Ti' (P:1 D:1)
[2022.10.12-04.50.44:880][  0]LogWindows:    2. 'NVIDIA GeForce GTX 1070 Ti' (P:0 D:0)
[2022.10.12-04.50.44:880][  0]LogWindows:    3. 'NVIDIA GeForce GTX 1070 Ti' (P:0 D:0)
[2022.10.12-04.50.44:880][  0]LogWindows: DebugString: FoundDriverCount:4 
[2022.10.12-04.50.44:880][  0]LogD3D11RHI:     Adapter Name: NVIDIA GeForce GTX 1070 Ti
[2022.10.12-04.50.44:880][  0]LogD3D11RHI:   Driver Version: 461.33 (internal:27.21.14.6133, unified:461.33)
[2022.10.12-04.50.44:880][  0]LogD3D11RHI:      Driver Date: 1-19-2021
[2022.10.12-04.50.44:880][  0]LogRHI: Texture pool is 5655 MB (70% of 8079 MB)
[2022.10.12-04.50.44:881][  0]LogD3D11RHI: Creating D3DDevice using adapter:
[2022.10.12-04.50.44:881][  0]LogD3D11RHI:     Description : NVIDIA GeForce GTX 1070 Ti
[2022.10.12-04.50.44:881][  0]LogD3D11RHI:     VendorId    : 10de
[2022.10.12-04.50.44:881][  0]LogD3D11RHI:     DeviceId    : 1b82
[2022.10.12-04.50.44:881][  0]LogD3D11RHI:     SubSysId    : c3031462
[2022.10.12-04.50.44:881][  0]LogD3D11RHI:     Revision    : 00a1
[2022.10.12-04.50.44:881][  0]LogD3D11RHI:     DedicatedVideoMemory : 8471445504 bytes
[2022.10.12-04.50.44:881][  0]LogD3D11RHI:     DedicatedSystemMemory : 0 bytes
[2022.10.12-04.50.44:881][  0]LogD3D11RHI:     SharedSystemMemory : 8550860800 bytes
[2022.10.12-04.50.44:881][  0]LogD3D11RHI:     AdapterLuid : 0 72160
[2022.10.12-04.50.44:985][  0]LogD3D11RHI: RHI has support for 64 bit atomics
[2022.10.12-04.50.44:985][  0]LogD3D11RHI: Async texture creation enabled
[2022.10.12-04.50.44:985][  0]LogD3D11RHI: Array index from any shader is supported
[2022.10.12-04.50.45:055][  0]LogD3D11RHI: GPU Timing Frequency: 1000.000000 (Debug: 2 1)
[2022.10.12-04.50.45:178][  0]LogRHI: GeForceNow SDK initialized: 1
[2022.10.12-04.50.46:120][  0]LogTargetPlatformManager: Display: Loaded TargetPlatform 'WindowsNoEditor'
[2022.10.12-04.50.46:154][  0]LogTargetPlatformManager: Display: Loaded TargetPlatform 'Windows'
[2022.10.12-04.50.46:183][  0]LogTargetPlatformManager: Display: Loaded TargetPlatform 'WindowsClient'
[2022.10.12-04.50.46:210][  0]LogTargetPlatformManager: Display: Loaded TargetPlatform 'WindowsServer'
[2022.10.12-04.50.46:210][  0]LogTargetPlatformManager: Display: Building Assets For Windows
[2022.10.12-04.50.46:315][  0]LogAudioDebug: Display: Lib vorbis DLL was dynamically loaded.
[2022.10.12-04.50.46:603][  0]LogTextureFormatOodle: Display: Oodle Texture 2.9.0 init RDO Off
[2022.10.12-04.50.46:994][  0]LogRendererCore: Ray tracing is disabled. Reason: r.RayTracing=0.
[2022.10.12-04.50.46:996][  0]LogShaderCompilers: Guid format shader working directory is 9 characters bigger than the processId version (../../../../../GD2/UnrealLearningKit/Intermediate/Shaders/WorkingDirectory/24020/).
[2022.10.12-04.50.46:996][  0]LogShaderCompilers: Cleaned the shader compiler working directory 'C:/Users/Peter/AppData/Local/Temp/UnrealShaderWorkingDir/59FE0645497B2DD6E2C8CD91A3674625/'.
[2022.10.12-04.50.46:996][  0]LogXGEController: Cannot use XGE Controller as Incredibuild is not installed on this machine.
[2022.10.12-04.50.46:997][  0]LogShaderCompilers: Cannot use XGE Shader Compiler as Incredibuild is not installed on this machine.
[2022.10.12-04.50.46:997][  0]LogShaderCompilers: Display: Using Local Shader Compiler.
[2022.10.12-04.50.51:546][  0]LogDerivedDataCache: Display: Max Cache Size: 512 MB
[2022.10.12-04.50.51:838][  0]LogDerivedDataCache: Loaded boot cache 0.29s 115MB C:/Users/Peter/AppData/Local/UnrealEngine/4.27/DerivedDataCache/Boot.ddc.
[2022.10.12-04.50.51:838][  0]LogDerivedDataCache: Display: Loaded Boot cache: C:/Users/Peter/AppData/Local/UnrealEngine/4.27/DerivedDataCache/Boot.ddc
[2022.10.12-04.50.51:838][  0]LogDerivedDataCache: FDerivedDataBackendGraph:  Pak pak cache file ../../../../../GD2/UnrealLearningKit/DerivedDataCache/DDC.ddp not found, will not use a pak cache.
[2022.10.12-04.50.51:839][  0]LogDerivedDataCache: Unable to find inner node Pak for hierarchical cache Hierarchy.
[2022.10.12-04.50.51:839][  0]LogDerivedDataCache: FDerivedDataBackendGraph:  CompressedPak pak cache file ../../../../../GD2/UnrealLearningKit/DerivedDataCache/Compressed.ddp not found, will not use a pak cache.
[2022.10.12-04.50.51:839][  0]LogDerivedDataCache: Unable to find inner node CompressedPak for hierarchical cache Hierarchy.
[2022.10.12-04.50.51:876][  0]LogDerivedDataCache: Display: Pak cache opened for reading ../../../Engine/DerivedDataCache/Compressed.ddp.
[2022.10.12-04.50.51:877][  0]LogDerivedDataCache: FDerivedDataBackendGraph:  EnterprisePak pak cache file ../../../Enterprise/DerivedDataCache/Compressed.ddp not found, will not use a pak cache.
[2022.10.12-04.50.51:877][  0]LogDerivedDataCache: Unable to find inner node EnterprisePak for hierarchical cache Hierarchy.
[2022.10.12-04.50.51:954][  0]LogDerivedDataCache: Speed tests for C:/Users/Peter/AppData/Local/UnrealEngine/Common/DerivedDataCache took 0.08 seconds
[2022.10.12-04.50.51:954][  0]LogDerivedDataCache: Display: Performance to C:/Users/Peter/AppData/Local/UnrealEngine/Common/DerivedDataCache: Latency=0.20ms. RandomReadSpeed=14.80MBs, RandomWriteSpeed=84.83MBs. Assigned SpeedClass 'Local'
[2022.10.12-04.50.51:955][  0]LogDerivedDataCache: Using Local data cache path C:/Users/Peter/AppData/Local/UnrealEngine/Common/DerivedDataCache: Writable
[2022.10.12-04.50.51:955][  0]LogDerivedDataCache: Shared data cache path not found in *engine.ini, will not use an Shared cache.
[2022.10.12-04.50.51:955][  0]LogDerivedDataCache: Unable to find inner node Shared for hierarchical cache Hierarchy.
[2022.10.12-04.50.52:014][  0]LogSlate: Using FreeType 2.10.0
[2022.10.12-04.50.52:037][  0]LogSlate: SlateFontServices - WITH_FREETYPE: 1, WITH_HARFBUZZ: 1
[2022.10.12-04.50.52:413][  0]LogInit: Using OS detected language (en-US).
[2022.10.12-04.50.52:413][  0]LogInit: Using OS detected locale (en-US).
[2022.10.12-04.50.52:413][  0]LogTextLocalizationManager: No localization for 'en-US' exists, so 'en' will be used for the language.
[2022.10.12-04.50.52:414][  0]LogTextLocalizationManager: No localization for 'en-US' exists, so 'en' will be used for the locale.
[2022.10.12-04.50.52:414][  0]LogSlate: FontCache flush requested. Reason: Culture for localization was changed
[2022.10.12-04.50.52:414][  0]LogSlate: FontCache flush requested. Reason: Culture for localization was changed
[2022.10.12-04.50.52:421][  0]LogTextLocalizationManager: Compacting localization data took   0.01ms
[2022.10.12-04.50.52:421][  0]LogAssetRegistry: FAssetRegistry took 0.0035 seconds to start up
[2022.10.12-04.50.52:828][  0]LogPackageLocalizationCache: Processed 27 localized package path(s) for 1 prioritized culture(s) in 0.001197 seconds
[2022.10.12-04.50.52:928][  0]LogInit: Selected Device Profile: [Windows]
[2022.10.12-04.50.52:928][  0]LogInit: Active device profile: [00000194C5EA9E00][00000194C2D14900 49] Windows
[2022.10.12-04.50.52:928][  0]LogInit: Profiles: [00000194C5EA9E00][00000194C2D14900 49] Windows, [00000194C5E66000][00000194C338CA80 49] WindowsNoEditor, [00000194C5EAA200][00000194C3390C00 49] WindowsServer, [00000194C5E64500][00000194C3394D80 49] WindowsClient, [00000194C5EA8700][00000194C3398F00 49] IOS, [00000194C5E66900][00000194C339D080 49] iPadAir, [00000194C5EAAD00][00000194C33A1200 49] iPadAir2, [00000194C5E1A000][00000194C33A94C0 49] IPadPro, [00000194C5E1A100][00000194C33A5500 49] iPadAir3, [00000194C5EA9500][00000194C33AD680 49] iPadAir4, [00000194C5E1B800][00000194C33897C0 49] iPadMini2, [00000194C5EAB800][00000194C33B1900 49] iPadMini3, [00000194C5E19700][00000194C33B5A40 49] iPadMini4, [00000194C5EA8C00][00000194BB61BBC0 49] iPadMini5, [00000194C5E2D300][00000194BB622300 49] iPhone6, [00000194C5E2D400][00000194BB61E340 49] iPodTouch6, [00000194C5E65900][00000194BB62A600 49] iPhone7, [00000194C5E66C00][00000194BB626640 49] iPodTouch7, [00000194C5E1B200][00000194BB62E7C0 49] iPhone5S, [00000194C5E64900][00000194BB632940 49] iPhone6Plus, [00000194C5E19F00][00000194BB636AC0 49] iPhone6S, [00000194C5E67200][00000194BB63AC40 49] iPhone6SPlus, [00000194C5E1A200][00000194BB63EDC0 49] iPhone7Plus, [00000194C5E19600][00000194BB642F40 49] iPhoneSE, [00000194C5E2D900][00000194BB6470C0 49] iPhone8, [00000194C5E19D00][00000194BB64B240 49] iPhone8Plus, [00000194C5E2F200][00000194BB64F3C0 49] iPhoneX, [00000194C5E1AC00][00000194BB653540 49] iPhoneXS, [00000194C5E2F100][00000194BB6576C0 49] iPhoneXSMax, [00000194C5E2CB00][00000194BB65B840 49] iPhoneXR, [00000194C5E65200][00000194BB617980 49] iPhone11, [00000194C5E2F700][00000194C2EE1AC0 49] iPhone11Pro, [00000194C5E1A700][00000194C2EE5C00 49] iPhone11ProMax, [00000194C5E2E200][00000194C2EE81C0 49] iPhoneSE2, [00000194C5E1A300][00000194C2EF0340 49] iPhone12Mini, [00000194C5E2C300][00000194C2EF44C0 49] iPhone12, [00000194C5E1AE00][00000194C2EF8640 49] iPhone12Pro, [00000194C5E2E600][00000194C2EFC7C0 49] iPhone12ProMax, [00000194C5E1B300][00000194C2F00940 49] iPadPro105, [00000194C5E2CE00][00000194C2F04AC0 49] iPadPro129, [00000194C5E1A600][00000194C2F08C40 49] iPadPro97, [00000194C5E2F900][00000194C2F0CDC0 49] iPadPro2_129, [00000194C5E19E00][00000194C2F10F40 49] iPad5, [00000194C5E2E000][00000194C2F150C0 49] iPad6, [00000194C5E19000][00000194C2F19240 49] iPad7, [00000194C5E2C900][00000194C2F1D3C0 49] iPad8, [00000194C5E1B900][00000194C2F21540 49] iPadPro11, [00000194C5E2D500][00000194C2F256C0 49] iPadPro2_11, [00000194C5E1B500][00000194C2F29840 49] iPadPro3_129, [00000194C5E2CA00][00000194C61AF9C0 49] iPadPro4_129, [00000194C5E18E00][00000194C2EEDB00 49] AppleTV, [00000194C5E2D700][00000194C61B20C0 49] AppleTV4K, [00000194C5E1BD00][00000194C61B6200 49] TVOS, [00000194C5E2D000][00000194C61BA340 49] Mac, [00000194C5E1B600][00000194C61C24C0 49] MacClient, [00000194C5E2FD00][00000194C61C6640 49] MacNoEditor, [00000194C5E18900][00000194C61CA7C0 49] MacServer, [00000194C5E2E500][00000194C61CE940 49] Linux, [00000194C5E1AD00][00000194C61D2AC0 49] LinuxAArch64, [00000194C5E2EC00][00000194C61D6C40 49] LinuxNoEditor, [00000194C5E1A800][00000194C61DADC0 49] LinuxAArch64NoEditor, [00000194C5E2D800][00000194C61DEF40 49] LinuxClient, [00000194C5E18200][00000194C61E30C0 49] LinuxAArch64Client, [00000194C5E2F300][00000194C61E7240 49] LinuxServer, [00000194C5E1A900][00000194C61EB3C0 49] LinuxAArch64Server, [00000194C5E2DC00][00000194C61EF540 49] Android, [00000194C5E19B00][00000194C61F36C0 49] Android_Low, [00000194C5E2C200][00000194C61F7840 49] Android_Mid, [00000194C5E18300][00000194C61FB9C0 49] Android_High, [00000194C5E2F400][00000194C61FFB40 49] Android_Default, [00000194C5E19100][00000194C6202140 49] Android_Adreno4xx, [00000194C5E2F600][00000194C61BE280 49] Android_Adreno5xx_Low, [00000194C5E19900][00000194C62063C0 49] Android_Adreno5xx, [00000194C5E2DF00][00000194C620A500 49] Android_Adreno6xx, [00000194C5E1BA00][00000194C6212680 49] Android_Adreno6xx_Vulkan, [00000194C5E2CF00][00000194C6216800 49] Android_Mali_T6xx, [00000194C5E1AB00][00000194C621A980 49] Android_Mali_T7xx, [00000194C5E2D100][00000194C621EB00 49] Android_Mali_T8xx, [00000194C5E67D00][00000194C6222C80 49] Android_Mali_G71, [00000194C5EA9700][00000194C6226E00 49] Android_Mali_G72, [00000194C5E64200][00000194C622AF80 49] Android_Mali_G72_Vulkan, [00000194C5EA8800][00000194C622F100 49] Android_Mali_G76, [00000194C5E67900][00000194C6233280 49] Android_Mali_G76_Vulkan, [00000194C5EA8A00][00000194C6237400 49] Android_Mali_G77, [00000194C5E64D00][00000194C623B580 49] Android_Mali_G77_Vulkan, [00000194C5EA9F00][00000194C623F700 49] Android_Mali_G78, [00000194C5E64600][00000194C6243880 49] Android_Mali_G78_Vulkan, [00000194C5EAA300][00000194C6247A00 49] Android_Mali_G710, [00000194C5E67C00][00000194C624BB80 49] Android_Mali_G710_Vulkan, [00000194C5EA8200][00000194C624E180 49] Android_Vulkan_SM5, [00000194C5E65100][00000194C6252300 49] Android_PowerVR_G6xxx, [00000194C5EAB600][00000194C620E440 49] Android_PowerVR_GT7xxx, [00000194C5E67400][00000194C6256580 49] Android_PowerVR_GE8xxx, [00000194C5EA9B00][00000194C625A6C0 49] Android_PowerVR_GM9xxx, [00000194C5E65700][00000194C6262840 49] Android_PowerVR_GM9xxx_Vulkan, [00000194C5EA9900][00000194C62669C0 49] Android_TegraK1, [00000194C5E67E00][00000194C626AB40 49] Android_Unknown_Vulkan, [00000194C5EA9A00][00000194C626ECC0 49] Lumin, [00000194C5E64F00][00000194C6272E40 49] Lumin_Desktop, [00000194C5EAB900][00000194C6276FC0 49] HoloLens, 
[2022.10.12-04.50.53:658][  0]LogMeshReduction: Using QuadricMeshReduction for automatic static mesh reduction
[2022.10.12-04.50.53:658][  0]LogMeshReduction: Using SimplygonMeshReduction for automatic skeletal mesh reduction
[2022.10.12-04.50.53:658][  0]LogMeshReduction: Using ProxyLODMeshReduction for automatic mesh merging
[2022.10.12-04.50.53:658][  0]LogMeshReduction: No distributed automatic mesh merging module available
[2022.10.12-04.50.53:662][  0]LogMeshMerging: No distributed automatic mesh merging module available
[2022.10.12-04.50.54:052][  0]LogNetVersion: UnrealLearningKit 1.0.0, NetCL: 17155196, EngineNetVer: 17, GameNetVer: 0 (Checksum: 2634337718)
[2022.10.12-04.50.55:704][  0]LogTexture: Default maximum texture size for cubemaps generated from long-lat sources has been changed from 512 to unlimited. In order to preserve old behaiour for '/Engine/MapTemplates/Sky/DaylightAmbientCubemap.DaylightAmbientCubemap', its maximum texture size has been explicitly set to 512.
[2022.10.12-04.50.55:874][  0]LogHMD: PokeAHoleMaterial loaded successfully
[2022.10.12-04.50.56:926][  0]LogMoviePlayer: Initializing movie player
[2022.10.12-04.50.57:442][  0]LogNiagaraDebuggerClient: Niagara Debugger Client Initialized | Session: 5D4179894EE94B8623595D9DA3C2FC3E | Instance: 2979FDAE4961143CAECF64A0A02B125F (DESKTOP-24020).
[2022.10.12-04.50.57:609][  0]LogCollectionManager: Loaded 0 collections in 0.001274 seconds
[2022.10.12-04.50.57:614][  0]LogFileCache: Scanning file cache for directory 'G:/GD2/UnrealLearningKit/Saved/Collections/' took 0.00s
[2022.10.12-04.50.57:614][  0]LogFileCache: Scanning file cache for directory 'G:/GD2/UnrealLearningKit/Content/Developers/Peter/Collections/' took 0.00s
[2022.10.12-04.50.57:614][  0]LogFileCache: Scanning file cache for directory 'G:/GD2/UnrealLearningKit/Content/Collections/' took 0.00s
[2022.10.12-04.50.57:614][  0]LogCollectionManager: Fixed up redirectors for 0 collections in 0.000004 seconds (updated 0 objects)
[2022.10.12-04.50.58:278][  0]LogPython: Using Python 3.7.7
[2022.10.12-04.50.59:296][  0]LogUdpMessaging: Initializing bridge on interface 0.0.0.0:0 to multicast group 230.0.0.1:6666.
[2022.10.12-04.50.59:329][  0]LogTcpMessaging: Initializing TcpMessaging bridge
[2022.10.12-04.51.00:113][  0]SourceControl: Source control is disabled
[2022.10.12-04.51.00:113][  0]SourceControl: Source control is disabled
[2022.10.12-04.51.00:143][  0]SourceControl: Source control is disabled
[2022.10.12-04.51.00:191][  0]LogUProjectInfo: Found projects:
[2022.10.12-04.51.01:058][  0]LogOpenImageDenoise: OIDN starting up
[2022.10.12-04.51.01:139][  0]LogAndroidPermission: UAndroidPermissionCallbackProxy::GetInstance
[2022.10.12-04.51.01:276][  0]LogAudioCaptureCore: Display: No Audio Capture implementations found. Audio input will be silent.
[2022.10.12-04.51.01:276][  0]LogAudioCaptureCore: Display: No Audio Capture implementations found. Audio input will be silent.
[2022.10.12-04.51.01:679][  0]LogOcInput: OculusInput pre-init called
[2022.10.12-04.51.01:692][  0]LogUObjectArray: 22121 objects as part of root set at end of initial load.
[2022.10.12-04.51.01:692][  0]LogUObjectAllocator: 5975632 out of 0 bytes used by permanent object pool.
[2022.10.12-04.51.01:692][  0]LogUObjectArray: CloseDisregardForGC: 0/0 objects in disregard for GC pool
[2022.10.12-04.51.01:934][  0]LogEngine: Initializing Engine...
[2022.10.12-04.51.01:999][  0]LogHMD: Failed to enumerate extensions. Please check that you have a valid OpenXR runtime installed.
[2022.10.12-04.51.01:999][  0]LogHMD: Failed to initialize OpenVR with code 110
[2022.10.12-04.51.02:000][  0]LogMagicLeap: Warning: VR disabled because ZI is not enabled.  To enable, in the editor, Edit -> Project Settings -> Plugins -> Magic Leap Plugin -> Enable Zero Iteration
[2022.10.12-04.51.02:004][  0]LogStats: UGameplayTagsManager::InitializeManager -  0.002 s
[2022.10.12-04.51.02:315][  0]LogInit: Initializing FReadOnlyCVARCache
[2022.10.12-04.51.02:315][  0]LogAudio: Display: Initializing Audio Device Manager...
[2022.10.12-04.51.02:343][  0]LogAudio: Display: Loading Default Audio Settings Objects...
[2022.10.12-04.51.02:350][  0]LogAudio: Display: No default SoundConcurrencyObject specified (or failed to load).
[2022.10.12-04.51.02:352][  0]LogAudio: Display: Audio Device Manager Initialized
[2022.10.12-04.51.02:352][  0]LogAudio: Display: Creating Audio Device:                 Id: 1, Scope: Shared, Realtime: True
[2022.10.12-04.51.02:352][  0]LogAudioMixer: Display: Audio Mixer Platform Settings:
[2022.10.12-04.51.02:352][  0]LogAudioMixer: Display: 	Sample Rate:						  48000
[2022.10.12-04.51.02:352][  0]LogAudioMixer: Display: 	Callback Buffer Frame Size Requested: 1024
[2022.10.12-04.51.02:352][  0]LogAudioMixer: Display: 	Callback Buffer Frame Size To Use:	  1024
[2022.10.12-04.51.02:352][  0]LogAudioMixer: Display: 	Number of buffers to queue:			  2
[2022.10.12-04.51.02:352][  0]LogAudioMixer: Display: 	Max Channels (voices):				  32
[2022.10.12-04.51.02:352][  0]LogAudioMixer: Display: 	Number of Async Source Workers:		  0
[2022.10.12-04.51.02:352][  0]LogAudio: Display: AudioDevice MaxSources: 32
[2022.10.12-04.51.02:352][  0]LogAudio: Display: Audio Spatialization Plugin: None (built-in).
[2022.10.12-04.51.02:352][  0]LogAudio: Display: Audio Reverb Plugin: None (built-in).
[2022.10.12-04.51.02:352][  0]LogAudio: Display: Audio Occlusion Plugin: None (built-in).
[2022.10.12-04.51.02:352][  0]LogAudioMixer: Display: Initializing audio mixer.
[2022.10.12-04.51.02:379][  0]LogAudioMixer: Display: 0: FrontLeft
[2022.10.12-04.51.02:379][  0]LogAudioMixer: Display: 1: FrontRight
[2022.10.12-04.51.02:437][  0]LogAudioMixer: Display: Using Audio Device Speakers (Realtek High Definition Audio)
[2022.10.12-04.51.02:438][  0]LogAudioMixer: Display: Initializing Sound Submixes...
[2022.10.12-04.51.02:467][  0]LogAudioMixer: Display: Creating Master Submix 'MasterSubmixDefault'
[2022.10.12-04.51.02:467][  0]LogAudioMixer: Display: Creating Master Submix 'MasterReverbSubmixDefault'
[2022.10.12-04.51.02:468][  0]LogAudioMixer: Display: Creating Master Submix 'MasterEQSubmixDefault'
[2022.10.12-04.51.02:468][  0]LogAudioMixer: FMixerPlatformXAudio2::StartAudioStream() called
[2022.10.12-04.51.02:468][  0]LogAudioMixer: Display: Output buffers initialized: Frames=1024, Channels=2, Samples=2048
[2022.10.12-04.51.02:469][  0]LogAudioMixer: Display: Starting AudioMixerPlatformInterface::RunInternal()
[2022.10.12-04.51.02:469][  0]LogAudioMixer: Display: FMixerPlatformXAudio2::SubmitBuffer() called for the first time
[2022.10.12-04.51.02:469][  0]LogInit: FAudioDevice initialized.
[2022.10.12-04.51.02:472][  0]LogNetVersion: Set ProjectVersion to 4.1. Version Checksum will be recalculated on next use.
[2022.10.12-04.51.02:477][  0]LogInit: Texture streaming: Enabled
[2022.10.12-04.51.03:060][  0]LogAudio: Display: Audio Device (ID: 1) registered with world 'Untitled'.
[2022.10.12-04.51.03:063][  0]LogSlate: Updating window title bar state: overlay mode, drag disabled, window buttons hidden, title bar hidden
[2022.10.12-04.51.03:063][  0]LogInit: Display: Game Engine Initialized.
[2022.10.12-04.51.03:064][  0]LogNiagaraEditor: GEditor isn't valid! Particle reset commands will not work for Niagara components!
[2022.10.12-04.51.03:533][  0]LogInit: Display: Starting Game.
[2022.10.12-04.51.03:533][  0]LogNet: Browse: /Game/BlockGame/Maps/BlockGameMap?Name=Player
[2022.10.12-04.51.03:533][  0]LogLoad: LoadMap: /Game/BlockGame/Maps/BlockGameMap?Name=Player
[2022.10.12-04.51.03:533][  0]LogWorld: BeginTearingDown for /Temp/Untitled_0
[2022.10.12-04.51.03:536][  0]LogWorld: UWorld::CleanupWorld for Untitled, bSessionEnded=true, bCleanupResources=true
[2022.10.12-04.51.03:536][  0]LogSlate: InvalidateAllWidgets triggered.  All widgets were invalidated
[2022.10.12-04.51.03:541][  0]LogAudio: Display: Audio Device unregistered from world 'None'.
[2022.10.12-04.51.03:545][  0]LogUObjectHash: Compacting FUObjectHashTables data took   0.89ms
[2022.10.12-04.51.10:178][  0]LogAudio: Display: Audio Device (ID: 1) registered with world 'BlockGameMap'.
[2022.10.12-04.51.10:220][  0]LogAIModule: Creating AISystem for world BlockGameMap
[2022.10.12-04.51.10:221][  0]LogLoad: Game class is 'BP_LearningKitGameMode_C'
[2022.10.12-04.51.10:271][  0]LogWorld: Bringing World /Game/BlockGame/Maps/BlockGameMap.BlockGameMap up for play (max tick rate 0) at 2022.10.11-23.51.10
[2022.10.12-04.51.12:980][  0]LogWorld: Bringing up level for play took: 2.756217
[2022.10.12-04.51.12:997][  0]LogLoad: Took 9.463119 seconds to LoadMap(/Game/BlockGame/Maps/BlockGameMap)
[2022.10.12-04.51.13:155][  0]LogSlate: Took 0.009022 seconds to synchronously load lazily loaded font '../../../Engine/Content/Slate/Fonts/Roboto-Regular.ttf' (155K)
[2022.10.12-04.51.13:311][  0]LogRenderer: Reallocating scene render targets to support 1280x720 Format 10 NumSamples 1 (Frame:1).
[2022.10.12-04.51.13:311][  0]LogStaticMesh: Allocated 511x201x128 distance field atlas = 25.1Mb, with 62 objects containing 15.5Mb backing data
[2022.10.12-04.51.13:311][  0]LogInit: Display: Engine is initialized. Leaving FEngineLoop::Init()
[2022.10.12-04.51.13:311][  0]LogLoad: (Engine Initialization) Total time: 35.23 seconds
[2022.10.12-04.51.13:311][  0]LogLoad: (Engine Initialization) Total Blueprint compile time: 0.00 seconds
[2022.10.12-04.51.13:326][  0]LogContentStreaming: Texture pool size now 1000 MB
[2022.10.12-04.51.13:332][  0]LogSlate: InvalidateAllWidgets triggered.  All widgets were invalidated
[2022.10.12-04.51.13:368][  0]LogRenderer: Reallocating scene render targets to support 128x128 Format 10 NumSamples 1 (Frame:1).
[2022.10.12-04.51.13:452][  0]LogRenderer: Reallocating scene render targets to support 1280x720 Format 10 NumSamples 1 (Frame:2).
[2022.10.12-04.51.13:505][  1]LogSlate: Took 0.000251 seconds to synchronously load lazily loaded font '../../../Engine/Content/Slate/Fonts/Roboto-Regular.ttf' (155K)
[2022.10.12-04.51.52:456][716]LogBlueprintUserMessages: [BP_Coin_2] 
[2022.10.12-04.51.53:089][785]LogBlueprintUserMessages: [BP_AICharacter8_20] Blocked
[2022.10.12-04.51.53:109][787]LogBlueprintUserMessages: [BP_AICharacter11] Blocked
[2022.10.12-04.51.56:423][132]LogBlueprintUserMessages: [BP_AICharacter10_26] Blocked
[2022.10.12-04.52.05:816][855]LogSlate: Window 'UnrealLearningKit (64-bit Development PCD3D_SM5) ' being destroyed
[2022.10.12-04.52.05:819][855]LogWindowsTextInputMethodSystem: Display: IME system deactivated.
[2022.10.12-04.52.05:834][856]LogSlate: Updating window title bar state: overlay mode, drag disabled, window buttons hidden, title bar hidden
[2022.10.12-04.52.05:835][856]LogEngine: All Windows Closed
[2022.10.12-04.52.05:835][856]LogWindows: FPlatformMisc::RequestExit(0)
[2022.10.12-04.52.05:835][856]LogWindows: FPlatformMisc::RequestExitWithStatus(0, 0)
[2022.10.12-04.52.05:835][856]LogCore: Engine exit requested (reason: Win RequestExit)
[2022.10.12-04.52.05:835][857]LogCore: Engine exit requested (reason: EngineExit() was called; note: exit was already requested)
[2022.10.12-04.52.05:836][857]LogInit: Display: PreExit Game.
[2022.10.12-04.52.05:850][857]LogWorld: BeginTearingDown for /Game/BlockGame/Maps/BlockGameMap
[2022.10.12-04.52.05:851][857]LogWorld: UWorld::CleanupWorld for BlockGameMap, bSessionEnded=true, bCleanupResources=true
[2022.10.12-04.52.05:860][857]LogSlate: InvalidateAllWidgets triggered.  All widgets were invalidated
[2022.10.12-04.52.06:041][857]LogAudio: Display: Beginning Audio Device Manager Shutdown (Module: AudioMixerXAudio2)...
[2022.10.12-04.52.06:041][857]LogAudio: Display: Destroying 1 Remaining Audio Device(s)...
[2022.10.12-04.52.06:041][857]LogAudio: Display: Audio Device unregistered from world 'BlockGameMap'.
[2022.10.12-04.52.06:044][857]LogAudioMixer: FMixerPlatformXAudio2::StopAudioStream() called
[2022.10.12-04.52.06:044][857]LogAudioMixer: FMixerPlatformXAudio2::StopAudioStream() called
[2022.10.12-04.52.06:049][857]LogAudio: Display: Audio Device Manager Shutdown
[2022.10.12-04.52.06:054][857]LogExit: Preparing to exit.
[2022.10.12-04.52.06:349][857]LogSlate: Updating window title bar state: overlay mode, drag disabled, window buttons hidden, title bar hidden
[2022.10.12-04.52.06:363][857]LogUObjectHash: Compacting FUObjectHashTables data took   1.85ms
[2022.10.12-04.52.06:397][857]LogMoviePlayer: Shutting down movie player
[2022.10.12-04.52.06:506][857]LogExit: Game engine shut down
[2022.10.12-04.52.06:510][857]LogDemo: Cleaned up 0 splitscreen connections with owner deletion
[2022.10.12-04.52.06:660][857]LogExit: Object subsystem successfully closed.
[2022.10.12-04.52.06:681][857]LogShaderCompilers: Display: === FShaderJobCache stats ===
[2022.10.12-04.52.06:681][857]LogShaderCompilers: Display: Total job queries 0, among them cache hits 0 (0.00%)
[2022.10.12-04.52.06:681][857]LogShaderCompilers: Display: Tracking 0 distinct input hashes that result in 0 distinct outputs (0.00%)
[2022.10.12-04.52.06:681][857]LogShaderCompilers: Display: RAM used: 0.00 MB (0.00 GB) of 819.20 MB (0.80 GB) budget. Usage: 0.00%
[2022.10.12-04.52.06:681][857]LogShaderCompilers: Display: ================================================
[2022.10.12-04.52.06:700][857]LogShaderCompilers: Display: Shaders left to compile 0
[2022.10.12-04.52.06:740][857]LogModuleManager: Shutting down and abandoning module SequenceRecorderSections (560)
[2022.10.12-04.52.06:740][857]LogModuleManager: Shutting down and abandoning module SequenceRecorder (558)
[2022.10.12-04.52.06:741][857]LogModuleManager: Shutting down and abandoning module AutomationController (556)
[2022.10.12-04.52.06:741][857]LogModuleManager: Shutting down and abandoning module AutomationWorker (554)
[2022.10.12-04.52.06:742][857]LogModuleManager: Shutting down and abandoning module Voice (552)
[2022.10.12-04.52.06:742][857]LogModuleManager: Shutting down and abandoning module AIModule (550)
[2022.10.12-04.52.06:742][857]LogModuleManager: Shutting down and abandoning module GameplayDebugger (549)
[2022.10.12-04.52.06:743][857]LogModuleManager: Shutting down and abandoning module AITestSuite (547)
[2022.10.12-04.52.06:743][857]LogModuleManager: Shutting down and abandoning module NavigationSystem (545)
[2022.10.12-04.52.06:743][857]LogModuleManager: Shutting down and abandoning module AnimGraph (542)
[2022.10.12-04.52.06:744][857]LogModuleManager: Shutting down and abandoning module SteamVREditor (540)
[2022.10.12-04.52.06:744][857]LogModuleManager: Shutting down and abandoning module ToolMenus (539)
[2022.10.12-04.52.06:744][857]LogModuleManager: Shutting down and abandoning module OculusMR (536)
[2022.10.12-04.52.06:744][857]LogModuleManager: Shutting down and abandoning module TakeRecorderSources (534)
[2022.10.12-04.52.06:745][857]LogModuleManager: Shutting down and abandoning module TakeRecorder (533)
[2022.10.12-04.52.06:746][857]LogModuleManager: Shutting down and abandoning module TakeTrackRecorders (530)
[2022.10.12-04.52.06:747][857]LogModuleManager: Shutting down and abandoning module TakesCore (528)
[2022.10.12-04.52.06:747][857]LogModuleManager: Shutting down and abandoning module OpenXRInput (526)
[2022.10.12-04.52.06:747][857]LogModuleManager: Shutting down and abandoning module PlanarCut (524)
[2022.10.12-04.52.06:748][857]LogModuleManager: Shutting down and abandoning module WmfMediaFactory (522)
[2022.10.12-04.52.06:748][857]LogModuleManager: Shutting down and abandoning module WebMMediaFactory (520)
[2022.10.12-04.52.06:748][857]LogModuleManager: Shutting down and abandoning module WebMMedia (518)
[2022.10.12-04.52.06:748][857]LogModuleManager: Shutting down and abandoning module OpenExrWrapper (516)
[2022.10.12-04.52.06:748][857]LogModuleManager: Shutting down and abandoning module ImgMediaFactory (514)
[2022.10.12-04.52.06:748][857]LogModuleManager: Shutting down and abandoning module AvfMediaFactory (512)
[2022.10.12-04.52.06:748][857]LogModuleManager: Shutting down and abandoning module CharacterAI (510)
[2022.10.12-04.52.06:748][857]LogModuleManager: Shutting down and abandoning module MagicLeapMediaCodecFactory (508)
[2022.10.12-04.52.06:748][857]LogModuleManager: Shutting down and abandoning module MagicLeapMediaFactory (506)
[2022.10.12-04.52.06:748][857]LogModuleManager: Shutting down and abandoning module SessionServices (504)
[2022.10.12-04.52.06:748][857]LogModuleManager: Shutting down and abandoning module MovieSceneCapture (502)
[2022.10.12-04.52.06:749][857]LogModuleManager: Shutting down and abandoning module LiveCoding (500)
[2022.10.12-04.52.06:749][857]LogModuleManager: Shutting down and abandoning module LevelSequence (498)
[2022.10.12-04.52.06:749][857]LogModuleManager: Shutting down and abandoning module MovieSceneTracks (496)
[2022.10.12-04.52.06:749][857]LogModuleManager: Shutting down and abandoning module MovieScene (494)
[2022.10.12-04.52.06:751][857]LogModuleManager: Shutting down and abandoning module StreamingPauseRendering (492)
[2022.10.12-04.52.06:751][857]LogModuleManager: Shutting down and abandoning module PortalServices (490)
[2022.10.12-04.52.06:751][857]LogModuleManager: Shutting down and abandoning module PortalRpc (488)
[2022.10.12-04.52.06:751][857]LogModuleManager: Shutting down and abandoning module MessagingRpc (486)
[2022.10.12-04.52.06:751][857]LogModuleManager: Shutting down and abandoning module AudioMixerXAudio2 (484)
[2022.10.12-04.52.06:751][857]LogModuleManager: Shutting down and abandoning module AudioMixerCore (483)
[2022.10.12-04.52.06:751][857]LogModuleManager: Shutting down and abandoning module ImageWriteQueue (480)
[2022.10.12-04.52.06:755][857]LogModuleManager: Shutting down and abandoning module ProfilerService (478)
[2022.10.12-04.52.06:920][857]LogModuleManager: Shutting down and abandoning module TaskGraph (476)
[2022.10.12-04.52.06:922][857]LogModuleManager: Shutting down and abandoning module OculusInput (474)
[2022.10.12-04.52.06:922][857]LogModuleManager: Shutting down and abandoning module Synthesis (472)
[2022.10.12-04.52.06:923][857]LogModuleManager: Shutting down and abandoning module TakeMovieScene (470)
[2022.10.12-04.52.06:923][857]LogModuleManager: Shutting down and abandoning module ProceduralMeshComponent (468)
[2022.10.12-04.52.06:923][857]LogModuleManager: Shutting down and abandoning module MobilePatchingUtils (466)
[2022.10.12-04.52.06:923][857]LogModuleManager: Shutting down and abandoning module GooglePAD (464)
[2022.10.12-04.52.06:923][857]LogModuleManager: Shutting down and abandoning module EditableMesh (462)
[2022.10.12-04.52.06:923][857]LogModuleManager: Shutting down and abandoning module CustomMeshComponent (460)
[2022.10.12-04.52.06:923][857]LogModuleManager: Shutting down and abandoning module CableComponent (458)
[2022.10.12-04.52.06:923][857]LogModuleManager: Shutting down and abandoning module ArchVisCharacter (456)
[2022.10.12-04.52.06:923][857]LogModuleManager: Shutting down and abandoning module AudioCapture (454)
[2022.10.12-04.52.06:923][857]LogModuleManager: Shutting down and abandoning module AudioCaptureRtAudio (453)
[2022.10.12-04.52.06:924][857]LogModuleManager: Shutting down and abandoning module AssetTags (450)
[2022.10.12-04.52.06:924][857]LogModuleManager: Shutting down and abandoning module AppleImageUtilsBlueprintSupport (448)
[2022.10.12-04.52.06:924][857]LogModuleManager: Shutting down and abandoning module AppleImageUtils (446)
[2022.10.12-04.52.06:924][857]LogModuleManager: Shutting down and abandoning module AndroidPermission (444)
[2022.10.12-04.52.06:924][857]LogModuleManager: Shutting down and abandoning module ActorLayerUtilities (442)
[2022.10.12-04.52.06:924][857]LogModuleManager: Shutting down and abandoning module TemplateSequence (440)
[2022.10.12-04.52.06:924][857]LogModuleManager: Shutting down and abandoning module MotoSynth (438)
[2022.10.12-04.52.06:924][857]LogModuleManager: Shutting down and abandoning module OpenImageDenoise (436)
[2022.10.12-04.52.06:924][857]LogOpenImageDenoise: OIDN shutting down
[2022.10.12-04.52.06:924][857]LogModuleManager: Shutting down and abandoning module MeshConversion (434)
[2022.10.12-04.52.06:924][857]LogModuleManager: Shutting down and abandoning module DynamicMesh (432)
[2022.10.12-04.52.06:925][857]LogModuleManager: Shutting down and abandoning module GeometryAlgorithms (430)
[2022.10.12-04.52.06:926][857]LogModuleManager: Shutting down and abandoning module GeometricObjects (428)
[2022.10.12-04.52.06:926][857]LogModuleManager: Shutting down and abandoning module MediaCompositing (426)
[2022.10.12-04.52.06:926][857]LogModuleManager: Shutting down and abandoning module ImgMedia (424)
[2022.10.12-04.52.06:926][857]LogModuleManager: Shutting down and abandoning module GeometryCollectionTracks (422)
[2022.10.12-04.52.06:926][857]LogModuleManager: Shutting down and abandoning module GeometryCollectionSequencer (421)
[2022.10.12-04.52.06:927][857]LogModuleManager: Shutting down and abandoning module GeometryCacheTracks (418)
[2022.10.12-04.52.06:927][857]LogModuleManager: Shutting down and abandoning module GeometryCacheSequencer (417)
[2022.10.12-04.52.06:927][857]LogModuleManager: Shutting down and abandoning module GeometryCache (414)
[2022.10.12-04.52.06:927][857]LogModuleManager: Shutting down and abandoning module GeometryCacheEd (413)
[2022.10.12-04.52.06:927][857]LogModuleManager: Shutting down and abandoning module ChaosNiagara (410)
[2022.10.12-04.52.06:927][857]LogModuleManager: Shutting down and abandoning module FieldSystemEngine (409)
[2022.10.12-04.52.06:927][857]LogModuleManager: Shutting down and abandoning module BackChannel (406)
[2022.10.12-04.52.06:927][857]LogModuleManager: Shutting down and abandoning module AutomationUtils (404)
[2022.10.12-04.52.06:927][857]LogModuleManager: Shutting down and abandoning module MagicLeapSharedWorld (402)
[2022.10.12-04.52.06:927][857]LogModuleManager: Shutting down and abandoning module MagicLeapLightEstimation (400)
[2022.10.12-04.52.06:927][857]LogModuleManager: Shutting down and abandoning module MagicLeapHelperVulkan (398)
[2022.10.12-04.52.06:927][857]LogModuleManager: Shutting down and abandoning module MagicLeapHelperOpenGL (396)
[2022.10.12-04.52.06:927][857]LogModuleManager: Shutting down and abandoning module MagicLeapAudio (394)
[2022.10.12-04.52.06:928][857]LogModuleManager: Shutting down and abandoning module VisualStudioSourceCodeAccess (392)
[2022.10.12-04.52.06:928][857]LogModuleManager: Shutting down and abandoning module HotReload (391)
[2022.10.12-04.52.06:928][857]LogModuleManager: Shutting down and abandoning module VisualStudioCodeSourceCodeAccess (388)
[2022.10.12-04.52.06:928][857]LogModuleManager: Shutting down and abandoning module UObjectPlugin (386)
[2022.10.12-04.52.06:929][857]LogModuleManager: Shutting down and abandoning module SubversionSourceControl (384)
[2022.10.12-04.52.06:930][857]LogModuleManager: Shutting down and abandoning module PerforceSourceControl (382)
[2022.10.12-04.52.06:932][857]LogModuleManager: Shutting down and abandoning module SourceControl (381)
[2022.10.12-04.52.06:932][857]LogModuleManager: Shutting down and abandoning module CLionSourceCodeAccess (378)
[2022.10.12-04.52.06:932][857]LogModuleManager: Shutting down and abandoning module OodleNetworkHandlerComponent (376)
[2022.10.12-04.52.06:932][857]LogModuleManager: Shutting down and abandoning module LiveLinkSequencer (374)
[2022.10.12-04.52.06:932][857]LogModuleManager: Shutting down and abandoning module LiveLinkMovieScene (372)
[2022.10.12-04.52.06:932][857]LogModuleManager: Shutting down and abandoning module LiveLinkGraphNode (370)
[2022.10.12-04.52.06:932][857]LogModuleManager: Shutting down and abandoning module LiveLinkComponents (368)
[2022.10.12-04.52.06:932][857]LogModuleManager: Shutting down and abandoning module LiveLink (366)
[2022.10.12-04.52.07:768][857]LogModuleManager: Shutting down and abandoning module GameplayTagsEditor (364)
[2022.10.12-04.52.07:768][857]LogModuleManager: Shutting down and abandoning module FacialAnimation (362)
[2022.10.12-04.52.07:768][857]LogModuleManager: Shutting down and abandoning module AssetManagerEditor (360)
[2022.10.12-04.52.07:769][857]LogModuleManager: Shutting down and abandoning module TreeMap (359)
[2022.10.12-04.52.07:769][857]LogModuleManager: Shutting down and abandoning module SignificanceManager (356)
[2022.10.12-04.52.07:769][857]LogModuleManager: Shutting down and abandoning module SoundFields (354)
[2022.10.12-04.52.07:769][857]LogModuleManager: Shutting down and abandoning module RuntimePhysXCooking (352)
[2022.10.12-04.52.07:769][857]LogModuleManager: Shutting down and abandoning module PropertyAccessEditor (350)
[2022.10.12-04.52.07:769][857]LogModuleManager: Shutting down and abandoning module PhysXVehiclesEditor (348)
[2022.10.12-04.52.07:770][857]LogModuleManager: Shutting down and abandoning module LocationServicesBPLibrary (344)
[2022.10.12-04.52.07:770][857]LogModuleManager: Shutting down and abandoning module AudioSynesthesia (342)
[2022.10.12-04.52.07:770][857]LogModuleManager: Shutting down and abandoning module AudioSynesthesiaCore (340)
[2022.10.12-04.52.07:770][857]LogModuleManager: Shutting down and abandoning module TcpMessaging (338)
[2022.10.12-04.52.07:872][857]LogModuleManager: Shutting down and abandoning module UdpMessaging (336)
[2022.10.12-04.52.07:973][857]LogModuleManager: Shutting down and abandoning module ActorSequence (334)
[2022.10.12-04.52.07:973][857]LogModuleManager: Shutting down and abandoning module PythonScriptPlugin (332)
[2022.10.12-04.52.07:973][857]LogModuleManager: Shutting down and abandoning module ImgMediaEngine (330)
[2022.10.12-04.52.07:973][857]LogModuleManager: Shutting down and abandoning module MagicLeapARPin (328)
[2022.10.12-04.52.07:973][857]LogModuleManager: Shutting down and abandoning module MagicLeapHandMeshing (326)
[2022.10.12-04.52.07:973][857]LogModuleManager: Shutting down and abandoning module MagicLeapSecureStorage (324)
[2022.10.12-04.52.07:973][857]LogModuleManager: Shutting down and abandoning module MagicLeapPrivileges (322)
[2022.10.12-04.52.07:973][857]LogModuleManager: Shutting down and abandoning module MagicLeapPlanes (320)
[2022.10.12-04.52.07:974][857]LogMagicLeapPlanes: Planes tracker already destroyed.
[2022.10.12-04.52.07:974][857]LogModuleManager: Shutting down and abandoning module MagicLeapImageTracker (318)
[2022.10.12-04.52.07:974][857]LogModuleManager: Shutting down and abandoning module MagicLeapIdentity (316)
[2022.10.12-04.52.07:974][857]LogModuleManager: Shutting down and abandoning module MagicLeapHandTracking (314)
[2022.10.12-04.52.07:974][857]LogModuleManager: Shutting down and abandoning module MagicLeapEyeTracker (312)
[2022.10.12-04.52.07:974][857]LogModuleManager: Shutting down and abandoning module MagicLeapController (310)
[2022.10.12-04.52.07:975][857]LogModuleManager: Shutting down and abandoning module MagicLeapARPinImpl (308)
[2022.10.12-04.52.07:975][857]LogModuleManager: Shutting down and abandoning module MagicLeapAR (306)
[2022.10.12-04.52.07:975][857]LogModuleManager: Shutting down and abandoning module NiagaraAnimNotifies (304)
[2022.10.12-04.52.07:975][857]LogModuleManager: Shutting down and abandoning module Niagara (302)
[2022.10.12-04.52.07:975][857]LogModuleManager: Shutting down and abandoning module SignalProcessing (301)
[2022.10.12-04.52.07:975][857]LogModuleManager: Shutting down and abandoning module NiagaraEditor (299)
[2022.10.12-04.52.07:976][857]LogModuleManager: Shutting down and abandoning module ContentBrowser (298)
[2022.10.12-04.52.07:976][857]LogModuleManager: Shutting down and abandoning module CollectionManager (297)
[2022.10.12-04.52.07:977][857]LogModuleManager: Shutting down and abandoning module DirectoryWatcher (296)
[2022.10.12-04.52.07:978][857]LogModuleManager: Shutting down and abandoning module ContentBrowserData (293)
[2022.10.12-04.52.07:978][857]LogModuleManager: Shutting down and abandoning module NiagaraCore (288)
[2022.10.12-04.52.07:978][857]LogModuleManager: Shutting down and abandoning module PropertyAccessNode (286)
[2022.10.12-04.52.07:978][857]LogModuleManager: Shutting down and abandoning module AnimationSharing (284)
[2022.10.12-04.52.07:978][857]LogModuleManager: Shutting down and abandoning module GameplayCameras (282)
[2022.10.12-04.52.07:978][857]LogModuleManager: Shutting down and abandoning module EnvironmentQueryEditor (280)
[2022.10.12-04.52.07:979][857]LogModuleManager: Shutting down and abandoning module Paper2D (278)
[2022.10.12-04.52.07:980][857]LogModuleManager: Shutting down and abandoning module LightPropagationVolumeRuntime (276)
[2022.10.12-04.52.07:980][857]LogModuleManager: Shutting down and abandoning module WindowsMoviePlayer (274)
[2022.10.12-04.52.07:982][857]LogModuleManager: Shutting down and abandoning module WebMMoviePlayer (272)
[2022.10.12-04.52.07:982][857]LogModuleManager: Shutting down and abandoning module NetworkReplayStreaming (270)
[2022.10.12-04.52.07:982][857]LogModuleManager: Shutting down and abandoning module PacketHandler (268)
[2022.10.12-04.52.07:982][857]LogModuleManager: Shutting down and abandoning module ClothingSystemEditor (266)
[2022.10.12-04.52.07:982][857]LogModuleManager: Shutting down and abandoning module ClothingSystemRuntimeNv (264)
[2022.10.12-04.52.07:983][857]LogModuleManager: Shutting down and abandoning module MediaAssets (262)
[2022.10.12-04.52.07:983][857]LogModuleManager: Shutting down and abandoning module Overlay (260)
[2022.10.12-04.52.07:983][857]LogModuleManager: Shutting down and abandoning module OverlayEditor (259)
[2022.10.12-04.52.07:983][857]LogModuleManager: Shutting down and abandoning module VREditor (256)
[2022.10.12-04.52.07:983][857]LogModuleManager: Shutting down and abandoning module StringTableEditor (254)
[2022.10.12-04.52.07:984][857]LogModuleManager: Shutting down and abandoning module GameplayTasksEditor (252)
[2022.10.12-04.52.07:984][857]LogModuleManager: Shutting down and abandoning module BehaviorTreeEditor (250)
[2022.10.12-04.52.07:985][857]LogModuleManager: Shutting down and abandoning module FunctionalTesting (248)
[2022.10.12-04.52.07:986][857]LogModuleManager: Shutting down and abandoning module CollisionAnalyzer (246)
[2022.10.12-04.52.07:986][857]LogModuleManager: Shutting down and abandoning module WorkspaceMenuStructure (245)
[2022.10.12-04.52.07:986][857]LogModuleManager: Shutting down and abandoning module UMG (242)
[2022.10.12-04.52.07:987][857]LogModuleManager: Shutting down and abandoning module UMGEditor (241)
[2022.10.12-04.52.07:988][857]LogModuleManager: Shutting down and abandoning module Sequencer (240)
[2022.10.12-04.52.07:989][857]LogModuleManager: Shutting down and abandoning module MessageLog (237)
[2022.10.12-04.52.07:989][857]LogModuleManager: Shutting down and abandoning module SlateReflector (232)
[2022.10.12-04.52.07:993][857]LogModuleManager: Shutting down and abandoning module Slate (230)
[2022.10.12-04.52.07:993][857]LogModuleManager: Shutting down and abandoning module SlateCore (228)
[2022.10.12-04.52.07:994][857]LogModuleManager: Shutting down and abandoning module LandscapeEditorUtilities (226)
[2022.10.12-04.52.07:994][857]LogModuleManager: Shutting down and abandoning module UnrealEd (224)
[2022.10.12-04.52.07:995][857]LogModuleManager: Shutting down and abandoning module MRMesh (222)
[2022.10.12-04.52.07:995][857]LogModuleManager: Shutting down and abandoning module Messaging (220)
[2022.10.12-04.52.07:995][857]LogModuleManager: Shutting down and abandoning module SourceCodeAccess (218)
[2022.10.12-04.52.07:995][857]LogModuleManager: Shutting down and abandoning module HeadMountedDisplay (216)
[2022.10.12-04.52.07:995][857]LogModuleManager: Shutting down and abandoning module XAudio2 (214)
[2022.10.12-04.52.07:995][857]LogModuleManager: Shutting down and abandoning module Networking (212)
[2022.10.12-04.52.07:995][857]LogModuleManager: Shutting down and abandoning module Core (210)
[2022.10.12-04.52.07:995][857]LogModuleManager: Shutting down and abandoning module MaterialEditor (208)
[2022.10.12-04.52.07:996][857]LogModuleManager: Shutting down and abandoning module MovieSceneTools (206)
[2022.10.12-04.52.07:997][857]LogModuleManager: Shutting down and abandoning module EditorStyle (205)
[2022.10.12-04.52.07:998][857]LogModuleManager: Shutting down and abandoning module KismetCompiler (202)
[2022.10.12-04.52.07:998][857]LogModuleManager: Shutting down and abandoning module MeshBuilder (200)
[2022.10.12-04.52.07:999][857]LogModuleManager: Shutting down and abandoning module MeshUtilities (198)
[2022.10.12-04.52.07:999][857]LogModuleManager: Shutting down and abandoning module MeshMergeUtilities (197)
[2022.10.12-04.52.07:999][857]LogModuleManager: Shutting down and abandoning module MeshReductionInterface (196)
[2022.10.12-04.52.08:000][857]LogModuleManager: Shutting down and abandoning module MeshBoneReduction (195)
[2022.10.12-04.52.08:000][857]LogModuleManager: Shutting down and abandoning module SkeletalMeshReduction (193)
[2022.10.12-04.52.08:000][857]LogModuleManager: Shutting down and abandoning module ProxyLODMeshReduction (191)
[2022.10.12-04.52.08:001][857]LogModuleManager: Shutting down and abandoning module QuadricMeshReduction (189)
[2022.10.12-04.52.08:002][857]LogModuleManager: Shutting down and abandoning module MaterialBaking (185)
[2022.10.12-04.52.08:002][857]LogModuleManager: Shutting down and abandoning module NullInstallBundleManager (180)
[2022.10.12-04.52.08:002][857]LogModuleManager: Shutting down and abandoning module PIEPreviewDeviceProfileSelector (178)
[2022.10.12-04.52.08:003][857]LogModuleManager: Shutting down and abandoning module DerivedDataCache (176)
[2022.10.12-04.52.08:003][857]LogModuleManager: Shutting down and abandoning module TargetPlatform (174)
[2022.10.12-04.52.08:004][857]LogModuleManager: Shutting down and abandoning module VulkanShaderFormat (173)
[2022.10.12-04.52.08:005][857]LogModuleManager: Shutting down and abandoning module ShaderFormatVectorVM (171)
[2022.10.12-04.52.08:005][857]LogModuleManager: Shutting down and abandoning module ShaderFormatOpenGL (169)
[2022.10.12-04.52.08:006][857]LogModuleManager: Shutting down and abandoning module ShaderFormatD3D (167)
[2022.10.12-04.52.08:006][857]LogModuleManager: Shutting down and abandoning module MetalShaderFormat (165)
[2022.10.12-04.52.08:007][857]LogModuleManager: Shutting down and abandoning module TextureFormatOodle (163)
[2022.10.12-04.52.08:007][857]LogModuleManager: Shutting down and abandoning module TextureFormatUncompressed (161)
[2022.10.12-04.52.08:007][857]LogModuleManager: Shutting down and abandoning module TextureFormatPVR (159)
[2022.10.12-04.52.08:007][857]LogModuleManager: Shutting down and abandoning module TextureFormatETC2 (157)
[2022.10.12-04.52.08:007][857]LogModuleManager: Shutting down and abandoning module TextureFormatDXT (155)
[2022.10.12-04.52.08:007][857]LogModuleManager: Shutting down and abandoning module TextureFormatIntelISPCTexComp (153)
[2022.10.12-04.52.08:008][857]LogModuleManager: Shutting down and abandoning module TextureFormatASTC (151)
[2022.10.12-04.52.08:008][857]LogModuleManager: Shutting down and abandoning module ImageWrapper (150)
[2022.10.12-04.52.08:008][857]LogModuleManager: Shutting down and abandoning module AudioFormatOpus (147)
[2022.10.12-04.52.08:008][857]LogModuleManager: Shutting down and abandoning module AudioFormatOgg (145)
[2022.10.12-04.52.08:008][857]LogModuleManager: Shutting down and abandoning module AudioFormatADPCM (143)
[2022.10.12-04.52.08:008][857]LogModuleManager: Shutting down and abandoning module WindowsServerTargetPlatform (141)
[2022.10.12-04.52.08:008][857]LogModuleManager: Shutting down and abandoning module WindowsClientTargetPlatform (139)
[2022.10.12-04.52.08:008][857]LogModuleManager: Shutting down and abandoning module WindowsTargetPlatform (137)
[2022.10.12-04.52.08:008][857]LogModuleManager: Shutting down and abandoning module WindowsNoEditorTargetPlatform (135)
[2022.10.12-04.52.08:008][857]LogModuleManager: Shutting down and abandoning module D3D11RHI (132)
[2022.10.12-04.52.08:008][857]LogModuleManager: Shutting down and abandoning module InputCore (130)
[2022.10.12-04.52.08:008][857]LogModuleManager: Shutting down and abandoning module Settings (128)
[2022.10.12-04.52.08:008][857]LogModuleManager: Shutting down and abandoning module PhysXCooking (126)
[2022.10.12-04.52.08:008][857]LogModuleManager: Shutting down and abandoning module Chaos (124)
[2022.10.12-04.52.08:009][857]LogModuleManager: Shutting down and abandoning module WindowsPlatformFeatures (122)
[2022.10.12-04.52.08:009][857]LogModuleManager: Shutting down and abandoning module GameplayMediaEncoder (121)
[2022.10.12-04.52.08:009][857]LogModuleManager: Shutting down and abandoning module AVEncoder (120)
[2022.10.12-04.52.08:010][857]LogModuleManager: Shutting down and abandoning module SteamVRInputDevice (116)
[2022.10.12-04.52.08:010][857]LogModuleManager: Shutting down and abandoning module SteamVRInput (114)
[2022.10.12-04.52.08:010][857]LogModuleManager: Shutting down and abandoning module SteamVR (112)
[2022.10.12-04.52.08:010][857]LogHMD: Freeing OpenVRDLLHandle.
[2022.10.12-04.52.08:010][857]LogModuleManager: Shutting down and abandoning module OculusHMD (110)
[2022.10.12-04.52.08:011][857]LogModuleManager: Shutting down and abandoning module OpenXREyeTracker (108)
[2022.10.12-04.52.08:011][857]LogModuleManager: Shutting down and abandoning module OpenXRHandTracking (106)
[2022.10.12-04.52.08:011][857]LogSlate: Slate User Destroyed.  User Index 0, Is Virtual User: 0
[2022.10.12-04.52.08:011][857]LogModuleManager: Shutting down and abandoning module OpenXRAR (104)
[2022.10.12-04.52.08:011][857]LogModuleManager: Shutting down and abandoning module AugmentedReality (103)
[2022.10.12-04.52.08:011][857]LogModuleManager: Shutting down and abandoning module OpenXRHMD (100)
[2022.10.12-04.52.08:012][857]LogModuleManager: Shutting down and abandoning module ExampleDeviceProfileSelector (98)
[2022.10.12-04.52.08:012][857]LogModuleManager: Shutting down and abandoning module ChunkDownloader (96)
[2022.10.12-04.52.08:013][857]LogModuleManager: Shutting down and abandoning module OnlineBlueprintSupport (94)
[2022.10.12-04.52.08:013][857]LogModuleManager: Shutting down and abandoning module LauncherChunkInstaller (90)
[2022.10.12-04.52.08:013][857]LogModuleManager: Shutting down and abandoning module OnlineSubsystem (88)
[2022.10.12-04.52.08:014][857]LogModuleManager: Shutting down and abandoning module XMPP (83)
[2022.10.12-04.52.08:015][857]LogModuleManager: Shutting down and abandoning module WebSockets (82)
[2022.10.12-04.52.08:040][857]LogModuleManager: Shutting down and abandoning module HTTP (79)
[2022.10.12-04.52.08:040][857]LogHttp: Display: cleaning up 0 outstanding Http requests.
[2022.10.12-04.52.08:069][857]LogModuleManager: Shutting down and abandoning module SSL (78)
[2022.10.12-04.52.08:070][857]LogModuleManager: Shutting down and abandoning module WmfMedia (74)
[2022.10.12-04.52.08:072][857]LogModuleManager: Shutting down and abandoning module Media (73)
[2022.10.12-04.52.08:073][857]LogModuleManager: Shutting down and abandoning module MediaInfo (72)
[2022.10.12-04.52.08:073][857]LogModuleManager: Shutting down and abandoning module ExrReaderGpu (68)
[2022.10.12-04.52.08:073][857]LogModuleManager: Shutting down and abandoning module ChaosCloth (66)
[2022.10.12-04.52.08:074][857]LogModuleManager: Shutting down and abandoning module MLSDK (64)
[2022.10.12-04.52.08:074][857]LogModuleManager: Shutting down and abandoning module MagicLeap (62)
[2022.10.12-04.52.08:074][857]LogModuleManager: Shutting down and abandoning module VariantManagerContent (60)
[2022.10.12-04.52.08:074][857]LogModuleManager: Shutting down and abandoning module NiagaraVertexFactories (58)
[2022.10.12-04.52.08:074][857]LogModuleManager: Shutting down and abandoning module NiagaraShader (56)
[2022.10.12-04.52.08:074][857]LogModuleManager: Shutting down and abandoning module DatasmithContent (54)
[2022.10.12-04.52.08:074][857]LogModuleManager: Shutting down and abandoning module PixWinPlugin (52)
[2022.10.12-04.52.08:075][857]LogModuleManager: Shutting down and abandoning module AISupportModule (50)
[2022.10.12-04.52.08:075][857]LogModuleManager: Shutting down and abandoning module DesktopPlatform (48)
[2022.10.12-04.52.08:075][857]LogModuleManager: Shutting down and abandoning module PythonScriptPluginPreload (46)
[2022.10.12-04.52.08:075][857]LogModuleManager: Shutting down and abandoning module PlatformCryptoOpenSSL (44)
[2022.10.12-04.52.08:075][857]LogModuleManager: Shutting down and abandoning module PlatformCryptoTypes (42)
[2022.10.12-04.52.08:075][857]LogModuleManager: Shutting down and abandoning module PlatformCrypto (40)
[2022.10.12-04.52.08:075][857]LogModuleManager: Shutting down and abandoning module OodleDataCompressionFormat (38)
[2022.10.12-04.52.08:076][857]LogModuleManager: Shutting down and abandoning module XGEController (36)
[2022.10.12-04.52.08:076][857]LogModuleManager: Shutting down and abandoning module AnimationModifiers (34)
[2022.10.12-04.52.08:077][857]LogModuleManager: Shutting down and abandoning module AudioEditor (32)
[2022.10.12-04.52.08:078][857]LogModuleManager: Shutting down and abandoning module PropertyEditor (31)
[2022.10.12-04.52.08:078][857]LogModuleManager: Shutting down and abandoning module TextureCompressor (28)
[2022.10.12-04.52.08:078][857]LogModuleManager: Shutting down and abandoning module RenderCore (26)
[2022.10.12-04.52.08:078][857]LogModuleManager: Shutting down and abandoning module Landscape (24)
[2022.10.12-04.52.08:078][857]LogModuleManager: Shutting down and abandoning module SlateRHIRenderer (22)
[2022.10.12-04.52.08:079][857]LogModuleManager: Shutting down and abandoning module AnimGraphRuntime (20)
[2022.10.12-04.52.08:079][857]LogModuleManager: Shutting down and abandoning module Renderer (18)
[2022.10.12-04.52.08:080][857]LogModuleManager: Shutting down and abandoning module Engine (16)
[2022.10.12-04.52.08:080][857]LogModuleManager: Shutting down and abandoning module CoreUObject (14)
[2022.10.12-04.52.08:080][857]LogModuleManager: Shutting down and abandoning module NetworkFile (12)
[2022.10.12-04.52.08:080][857]LogModuleManager: Shutting down and abandoning module CookedIterativeFile (10)
[2022.10.12-04.52.08:080][857]LogModuleManager: Shutting down and abandoning module StreamingFile (8)
[2022.10.12-04.52.08:080][857]LogModuleManager: Shutting down and abandoning module SandboxFile (6)
[2022.10.12-04.52.08:080][857]LogModuleManager: Shutting down and abandoning module PakFile (4)
[2022.10.12-04.52.08:081][857]LogModuleManager: Shutting down and abandoning module RSA (3)
[2022.10.12-04.52.08:529][857]LogContentStreaming: Display: There are 1 unreleased StreamingManagers
[2022.10.12-04.52.08:544][857]LogD3D11RHI: Shutdown
[2022.10.12-04.52.08:544][857]LogD3D11RHI: CleanupD3DDevice
[2022.10.12-04.52.08:548][857]LogExit: Exiting.
[2022.10.12-04.52.08:550][857]Log file closed, 10/11/22 23:52:08
